\BOOKMARK [0][-]{chapter.1}{\376\377\000I\000\040\000p\000r\000o\000t\000o\000c\000o\000l\000l\000i\000\040\000d\000i\000\040\000I\000n\000t\000e\000r\000n\000e\000t}{}% 1
\BOOKMARK [1][-]{section.1.1}{\376\377\000A\000r\000c\000i\000t\000e\000t\000t\000u\000r\000a}{chapter.1}% 2
\BOOKMARK [1][-]{section.1.2}{\376\377\000I\000n\000t\000e\000r\000n\000e\000t\000\040\000P\000r\000o\000t\000o\000c\000o\000l\000\050\000I\000P\000\051}{chapter.1}% 3
\BOOKMARK [2][-]{subsection.1.2.1}{\376\377\000L\000a\000\040\000s\000t\000r\000u\000t\000t\000u\000r\000a\000\040\000d\000e\000g\000l\000i\000\040\000i\000n\000d\000i\000r\000i\000z\000z\000i\000\040\000I\000P}{section.1.2}% 4
\BOOKMARK [1][-]{section.1.3}{\376\377\000F\000o\000r\000m\000a\000t\000o\000\040\000d\000e\000l\000\040\000p\000a\000c\000c\000h\000e\000t\000t\000o}{chapter.1}% 5
\BOOKMARK [2][-]{subsection.1.3.1}{\376\377\000F\000r\000a\000g\000m\000e\000n\000t\000\040\000o\000f\000s\000e\000t}{section.1.3}% 6
\BOOKMARK [0][-]{chapter.2}{\376\377\000I\000n\000s\000t\000r\000a\000d\000a\000m\000e\000n\000t\000o\000\040\000I\000P}{}% 7
\BOOKMARK [1][-]{section.2.1}{\376\377\000C\000o\000m\000e\000\040\000f\000u\000n\000z\000i\000o\000n\000a\000\040\000I\000n\000t\000e\000r\000n\000e\000t}{chapter.2}% 8
\BOOKMARK [1][-]{section.2.2}{\376\377\000I\000n\000t\000e\000r\000n\000e\000t\000:\000\040\000r\000e\000t\000e\000\040\000d\000i\000\040\000r\000e\000t\000i}{chapter.2}% 9
\BOOKMARK [1][-]{section.2.3}{\376\377\000L\000a\000\040\000t\000e\000c\000n\000o\000l\000o\000g\000i\000a}{chapter.2}% 10
\BOOKMARK [1][-]{section.2.4}{\376\377\000L\000a\000\040\000n\000e\000t\000w\000o\000r\000k\000\040\000I\000P}{chapter.2}% 11
\BOOKMARK [1][-]{section.2.5}{\376\377\000R\000e\000t\000e\000\040\000l\000o\000g\000i\000c\000a\000\040\000e\000\040\000f\000i\000s\000i\000c\000a}{chapter.2}% 12
\BOOKMARK [1][-]{section.2.6}{\376\377\000I\000n\000t\000e\000r\000c\000o\000n\000n\000e\000t\000t\000e\000r\000e\000\040\000l\000e\000\040\000i\000s\000o\000l\000e}{chapter.2}% 13
\BOOKMARK [2][-]{subsection.2.6.1}{\376\377\000I\000\040\000r\000o\000u\000t\000e\000r}{section.2.6}% 14
\BOOKMARK [2][-]{subsection.2.6.2}{\376\377\000C\000o\000s\000a\000\040\000f\000a\000\040\000I\000P}{section.2.6}% 15
\BOOKMARK [2][-]{subsection.2.6.3}{\376\377\000H\000o\000\040\000u\000n\000\040\000p\000a\000c\000c\000h\000e\000t\000t\000o\000\040\000d\000a\000\040\000t\000r\000a\000s\000m\000e\000t\000t\000e\000r\000e\000,\000\040\000d\000e\000v\000e\000\040\000a\000n\000d\000a\000r\000e\000\040\000s\000u\000l\000l\000a\000\040\000m\000i\000a\000\040\000n\000e\000t\000w\000o\000r\000k\000\040\000o\000p\000p\000u\000r\000e\000\040\000d\000e\000v\000o\000\040\000u\000s\000a\000r\000e\000\040\000u\000n\000\040\000p\000o\000n\000t\000e\000?}{section.2.6}% 16
\BOOKMARK [1][-]{section.2.7}{\376\377\000S\000e\000m\000a\000n\000t\000i\000c\000a\000\040\000d\000e\000l\000l\000'\000i\000d\000i\000r\000i\000z\000z\000o\000\040\000I\000P}{chapter.2}% 17
\BOOKMARK [2][-]{subsection.2.7.1}{\376\377\000R\000e\000t\000i\000\040\000I\000P\000\040\000p\000r\000i\000v\000a\000t\000e\000\050\000R\000F\000C\000\040\0001\0009\0001\0008\000\051}{section.2.7}% 18
\BOOKMARK [2][-]{subsection.2.7.2}{\376\377\000C\000o\000m\000e\000\040\000s\000i\000\040\000d\000i\000s\000t\000i\000n\000g\000u\000e\000\040\000n\000e\000t\000-\000I\000D\000\040\000d\000a\000\040\000h\000o\000s\000t\000-\000I\000D}{section.2.7}% 19
\BOOKMARK [1][-]{section.2.8}{\376\377\000I\000n\000s\000t\000r\000a\000d\000a\000m\000e\000n\000t\000o\000\040\000d\000i\000r\000e\000t\000t\000o\000\040\000e\000\040\000i\000n\000d\000i\000r\000e\000t\000t\000o}{chapter.2}% 20
\BOOKMARK [2][-]{subsection.2.8.1}{\376\377\000I\000n\000s\000t\000r\000a\000d\000a\000m\000e\000n\000t\000o\000\040\000d\000i\000r\000e\000t\000t\000o}{section.2.8}% 21
\BOOKMARK [2][-]{subsection.2.8.2}{\376\377\000I\000n\000s\000t\000r\000a\000d\000a\000m\000e\000n\000t\000o\000\040\000d\000i\000r\000e\000t\000t\000o}{section.2.8}% 22
\BOOKMARK [2][-]{subsection.2.8.3}{\376\377\000R\000o\000u\000t\000i\000n\000g}{section.2.8}% 23
\BOOKMARK [1][-]{section.2.9}{\376\377\000R\000e\000l\000a\000z\000i\000o\000n\000e\000\040\000i\000n\000d\000i\000r\000i\000z\000z\000i\000\040\000f\000i\000s\000i\000c\000i\000\040\000-\000\040\000I\000P}{chapter.2}% 24
\BOOKMARK [2][-]{subsection.2.9.1}{\376\377\000A\000d\000f\000r\000e\000s\000s\000\040\000R\000e\000s\000o\000l\000u\000t\000i\000o\000n\000\040\000P\000r\000o\000t\000o\000c\000o\000l\000\040\000\050\000A\000R\000P\000\051}{section.2.9}% 25
\BOOKMARK [1][-]{section.2.10}{\376\377\000D\000a\000\040\000m\000i\000t\000t\000e\000n\000t\000e\000\040\000a\000\040\000d\000e\000s\000t\000i\000n\000a\000t\000a\000r\000i\000o}{chapter.2}% 26
\BOOKMARK [1][-]{section.2.11}{\376\377\000T\000a\000b\000e\000l\000l\000a\000\040\000d\000i\000\040\000i\000n\000s\000t\000r\000a\000d\000a\000m\000e\000n\000t\000o\000\040\000I\000P}{chapter.2}% 27
\BOOKMARK [2][-]{subsection.2.11.1}{\376\377\000U\000s\000o\000\040\000d\000e\000l\000l\000a\000\040\000t\000a\000b\000e\000l\000l\000a\000\040\000d\000i\000\040\000r\000o\000u\000t\000i\000n\000g}{section.2.11}% 28
\BOOKMARK [2][-]{subsection.2.11.2}{\376\377\000T\000a\000b\000l\000e\000\040\000l\000o\000o\000k\000u\000p}{section.2.11}% 29
\BOOKMARK [2][-]{subsection.2.11.3}{\376\377\000E\000s\000e\000m\000p\000i\000o\000\040\000l\000o\000o\000c\000k\000\040\000u\000p}{section.2.11}% 30
\BOOKMARK [2][-]{subsection.2.11.4}{\376\377\000S\000e\000m\000p\000l\000i\000f\000i\000c\000a\000z\000i\000o\000n\000e\000\040\000d\000e\000l\000l\000e\000\040\000t\000a\000b\000l\000e\000l\000l\000e}{section.2.11}% 31
\BOOKMARK [2][-]{subsection.2.11.5}{\376\377\000P\000e\000r\000c\000h\000\350\000\040\000o\000r\000d\000i\000n\000a\000r\000e\000\040\000i\000\040\000r\000o\000u\000t\000e}{section.2.11}% 32
\BOOKMARK [1][-]{section.2.12}{\376\377\000G\000a\000t\000e\000w\000a\000y}{chapter.2}% 33
\BOOKMARK [2][-]{subsection.2.12.1}{\376\377\000I\000l\000\040\000r\000u\000o\000l\000o\000\040\000d\000e\000l\000\040\000g\000a\000t\000e\000w\000a\000y}{section.2.12}% 34
\BOOKMARK [2][-]{subsection.2.12.2}{\376\377\000U\000s\000o\000\040\000d\000e\000l\000\040\000G\000a\000t\000e\000w\000a\000y}{section.2.12}% 35
\BOOKMARK [0][-]{chapter.3}{\376\377\000L\000a\000\040\000l\000o\000g\000i\000c\000a\000\040\000d\000e\000g\000l\000i\000\040\000i\000n\000d\000i\000r\000i\000z\000z\000i\000\040\000I\000P}{}% 36
\BOOKMARK [1][-]{section.3.1}{\376\377\000I\000P\000\040\000e\000\040\000N\000e\000t\000m\000a\000s\000k}{chapter.3}% 37
\BOOKMARK [1][-]{section.3.2}{\376\377\000C\000l\000a\000s\000s\000i\000\040\000d\000e\000l\000l\000e\000\040\000r\000e\000t\000i}{chapter.3}% 38
\BOOKMARK [2][-]{subsection.3.2.1}{\376\377\000C\000l\000a\000s\000s\000i\000\040\000d\000i\000\040\000I\000n\000d\000i\000r\000i\000z\000z\000i}{section.3.2}% 39
\BOOKMARK [2][-]{subsection.3.2.2}{\376\377\000I\000n\000t\000e\000r\000v\000a\000l\000l\000i\000\040\000d\000i\000\040\000I\000n\000d\000i\000r\000i\000z\000z\000i}{section.3.2}% 40
\BOOKMARK [1][-]{section.3.3}{\376\377\000L\000e\000\040\000s\000o\000t\000t\000o\000r\000e\000t\000i}{chapter.3}% 41
\BOOKMARK [2][-]{subsection.3.3.1}{\376\377\000S\000u\000b\000n\000e\000t\000t\000i\000n\000g}{section.3.3}% 42
\BOOKMARK [2][-]{subsection.3.3.2}{\376\377\000C\000I\000D\000R\000:\000\040\000C\000l\000a\000s\000s\000e\000l\000e\000s\000s\000\040\000I\000n\000t\000e\000r\000D\000o\000m\000a\000i\000n\000\040\000R\000o\000u\000t\000i\000n\000g}{section.3.3}% 43
\BOOKMARK [2][-]{subsection.3.3.3}{\376\377\000S\000u\000p\000e\000r\000n\000e\000t\000t\000i\000n\000g}{section.3.3}% 44
\BOOKMARK [2][-]{subsection.3.3.4}{\376\377\000E\000s\000e\000m\000p\000i\000o}{section.3.3}% 45
\BOOKMARK [2][-]{subsection.3.3.5}{\376\377\000S\000u\000p\000e\000r\000n\000e\000t\000t\000i\000n\000g\000\040\000e\000\040\000S\000u\000b\000n\000e\000t\000t\000i\000n\000g}{section.3.3}% 46
\BOOKMARK [2][-]{subsection.3.3.6}{\376\377\000O\000g\000g\000i}{section.3.3}% 47
\BOOKMARK [0][-]{chapter.4}{\376\377\000P\000r\000o\000t\000o\000c\000o\000l\000l\000o\000\040\000I\000C\000M\000P}{}% 48
\BOOKMARK [1][-]{section.4.1}{\376\377\000Q\000a\000n\000d\000o\000\040\000v\000i\000e\000n\000e\000\040\000u\000s\000a\000t\000o}{chapter.4}% 49
\BOOKMARK [1][-]{section.4.2}{\376\377\000P\000a\000c\000c\000h\000e\000t\000t\000o\000\040\000I\000C\000M\000P}{chapter.4}% 50
\BOOKMARK [1][-]{section.4.3}{\376\377\000T\000i\000p\000i\000\040\000d\000i\000\040\000e\000r\000r\000o\000r\000i}{chapter.4}% 51
\BOOKMARK [2][-]{subsection.4.3.1}{\376\377\000D\000e\000s\000t\000i\000n\000a\000t\000i\000o\000n\000\040\000U\000n\000r\000e\000a\000c\000h\000a\000b\000l\000e\000\040\000\050\000T\000y\000p\000e\000\040\0003\000\051}{section.4.3}% 52
\BOOKMARK [2][-]{subsection.4.3.2}{\376\377\000T\000i\000m\000e\000\040\000E\000x\000c\000e\000e\000d\000e\000d\000\040\000\050\000T\000y\000p\000e\000\040\000=\000\040\0001\0001\000\051}{section.4.3}% 53
\BOOKMARK [2][-]{subsection.4.3.3}{\376\377\000S\000u\000r\000c\000e\000\040\000Q\000u\000e\000n\000c\000h\000\040\000\050\000T\000y\000p\000e\000\040\000=\000\040\0004\000\051}{section.4.3}% 54
\BOOKMARK [2][-]{subsection.4.3.4}{\376\377\000R\000e\000d\000i\000r\000e\000c\000t\000\040\000\050\000T\000y\000p\000e\000\040\000=\000\040\0005\000\051}{section.4.3}% 55
\BOOKMARK [1][-]{section.4.4}{\376\377\000I\000n\000f\000o\000r\000m\000a\000z\000i\000o\000n\000i}{chapter.4}% 56
\BOOKMARK [2][-]{subsection.4.4.1}{\376\377\000E\000c\000h\000o\000\040\000\050\000T\000y\000p\000e\000=\0008\000\051\000\040\000/\000\040\000E\000c\000h\000o\000\040\000R\000e\000p\000l\000y\000\040\000\050\000T\000y\000p\000e\000\040\000=\000\040\0000\000\051}{section.4.4}% 57
\BOOKMARK [2][-]{subsection.4.4.2}{\376\377\000A\000d\000d\000i\000t\000i\000o\000n\000a\000l\000\040\000F\000i\000e\000l\000d\000s}{section.4.4}% 58
\BOOKMARK [2][-]{subsection.4.4.3}{\376\377\000T\000i\000m\000e\000s\000t\000a\000m\000p\000\040\000R\000e\000q\000u\000e\000s\000t\000\040\000\050\000T\000y\000p\000e\000\040\000=\000\040\0001\0003\000\051\000\040\000/\000\040\000R\000e\000p\000l\000y\000\050\000T\000y\000p\000e\000\040\000=\000\040\0001\0004\000\051}{section.4.4}% 59
\BOOKMARK [2][-]{subsection.4.4.4}{\376\377\000A\000d\000d\000r\000e\000s\000s\000\040\000M\000a\000s\000k\000\040\000R\000e\000q\000u\000e\000s\000t\000\040\000\050\000T\000y\000p\000e\000\040\000=\000\040\0001\0007\000\051\000\040\000/\000\040\000R\000e\000p\000l\000y\000\040\000\050\000T\000y\000p\000e\000\040\000=\000\040\0001\0008\000\051}{section.4.4}% 60
\BOOKMARK [2][-]{subsection.4.4.5}{\376\377\000R\000o\000u\000t\000e\000r\000\040\000S\000o\000l\000i\000c\000i\000t\000a\000t\000i\000o\000n\000\040\000\050\000T\000y\000p\000e\000\040\000=\000\040\0001\0000\000\051}{section.4.4}% 61
\BOOKMARK [2][-]{subsection.4.4.6}{\376\377\000R\000o\000u\000t\000e\000r\000\040\000A\000d\000v\000e\000r\000t\000i\000s\000e\000m\000e\000n\000t\000\040\000\050\000T\000y\000p\000e\000\040\000=\000\040\0009\000\051}{section.4.4}% 62
\BOOKMARK [0][-]{chapter.5}{\376\377\000A\000p\000p\000l\000i\000c\000a\000z\000i\000o\000n\000i\000\040\000d\000i\000\040\000I\000C\000M\000I\000P}{}% 63
\BOOKMARK [1][-]{section.5.1}{\376\377\000P\000I\000N\000G}{chapter.5}% 64
\BOOKMARK [2][-]{subsection.5.1.1}{\376\377\000f\000u\000n\000z\000i\000o\000n\000a\000m\000e\000n\000t\000o}{section.5.1}% 65
\BOOKMARK [2][-]{subsection.5.1.2}{\376\377\000O\000p\000z\000i\000o\000n\000i}{section.5.1}% 66
\BOOKMARK [2][-]{subsection.5.1.3}{\376\377\000O\000u\000t\000p\000u\000t}{section.5.1}% 67
\BOOKMARK [2][-]{subsection.5.1.4}{\376\377\000T\000r\000a\000c\000e\000r\000o\000u\000t\000e}{section.5.1}% 68
\BOOKMARK [2][-]{subsection.5.1.5}{\376\377\000F\000u\000n\000z\000i\000o\000n\000a\000m\000e\000n\000t\000o}{section.5.1}% 69
\BOOKMARK [2][-]{subsection.5.1.6}{\376\377\000O\000u\000t\000p\000u\000t}{section.5.1}% 70
\BOOKMARK [0][-]{chapter.6}{\376\377\000G\000e\000s\000t\000i\000o\000n\000e\000\040\000d\000e\000l\000l\000a\000\040\000e\000n\000u\000m\000e\000r\000a\000z\000i\000o\000n\000e}{}% 71
\BOOKMARK [1][-]{section.6.1}{\376\377\000D\000i\000s\000p\000o\000s\000i\000t\000i\000v\000i\000\040\000d\000i\000\040\000r\000e\000t\000e}{chapter.6}% 72
\BOOKMARK [2][-]{subsection.6.1.1}{\376\377\000D\000H\000C\000P}{section.6.1}% 73
\BOOKMARK [2][-]{subsection.6.1.2}{\376\377\000P\000a\000c\000k\000e\000t\000\040\000F\000i\000l\000t\000e\000r}{section.6.1}% 74
\BOOKMARK [2][-]{subsection.6.1.3}{\376\377\000A\000p\000p\000l\000i\000c\000a\000t\000i\000o\000n\000\040\000L\000a\000y\000e\000r\000\040\000G\000a\000t\000e\000w\000a\000y\000\040\000\050\000A\000L\000G\000\051\000\040\000/\000\040\000P\000r\000o\000x\000i}{section.6.1}% 75
\BOOKMARK [2][-]{subsection.6.1.4}{\376\377\000F\000i\000r\000e\000w\000a\000l\000l}{section.6.1}% 76
\BOOKMARK [2][-]{subsection.6.1.5}{\376\377\000N\000e\000t\000w\000o\000r\000k\000\040\000A\000d\000d\000r\000e\000s\000s\000\040\000T\000r\000a\000n\000s\000l\000a\000t\000o\000r\000\040\000\050\000N\000A\000T\000\051}{section.6.1}% 77
\BOOKMARK [0][-]{chapter.7}{\376\377\000P\000a\000c\000k\000e\000t\000\040\000F\000i\000l\000t\000e\000r\000\040\000e\000\040\000F\000i\000r\000e\000w\000a\000l\000l}{}% 78
\BOOKMARK [1][-]{section.7.1}{\376\377\000F\000i\000r\000e\000w\000a\000l\000l}{chapter.7}% 79
\BOOKMARK [2][-]{subsection.7.1.1}{\376\377\000P\000a\000c\000k\000e\000t\000\040\000f\000i\000l\000t\000e\000r}{section.7.1}% 80
\BOOKMARK [2][-]{subsection.7.1.2}{\376\377\000S\000t\000a\000t\000e\000f\000u\000l\000\040\000P\000a\000c\000k\000e\000t\000\040\000I\000n\000s\000p\000e\000c\000t\000i\000o\000n}{section.7.1}% 81
\BOOKMARK [2][-]{subsection.7.1.3}{\376\377\000A\000p\000p\000l\000i\000c\000a\000t\000i\000o\000n\000\040\000L\000a\000y\000e\000r\000\040\000G\000a\000t\000e\000w\000a\000y\000\040\000\050\000t\000r\000a\000s\000p\000a\000r\000e\000n\000t\000e\000\040\000o\000\040\000p\000r\000o\000x\000y\000\040\000e\000s\000p\000l\000i\000c\000i\000t\000o\000\051}{section.7.1}% 82
\BOOKMARK [1][-]{section.7.2}{\376\377\000P\000r\000o\000t\000e\000z\000i\000o\000n\000e\000\040\000H\000o\000s\000t\000:\000\040\000f\000i\000r\000e\000w\000a\000l\000l}{chapter.7}% 83
\BOOKMARK [1][-]{section.7.3}{\376\377\000L\000i\000v\000e\000l\000l\000i\000\040\000d\000i\000\040\000i\000m\000p\000l\000e\000m\000e\000n\000t\000a\000z\000i\000o\000n\000e}{chapter.7}% 84
\BOOKMARK [2][-]{subsection.7.3.1}{\376\377\000P\000a\000c\000k\000e\000t\000\040\000F\000i\000l\000t\000e\000r}{section.7.3}% 85
\BOOKMARK [2][-]{subsection.7.3.2}{\376\377\000P\000r\000o\000x\000y\000\040\000s\000e\000r\000v\000e\000r\0000}{section.7.3}% 86
\BOOKMARK [1][-]{section.7.4}{\376\377\000C\000o\000n\000f\000i\000g\000u\000r\000a\000z\000i\000o\000n\000e\000\040\000d\000i\000\040\000p\000a\000c\000k\000e\000t\000\040\000f\000i\000l\000t\000e\000r\000\040\000e\000\040\000p\000r\000o\000x\000y}{chapter.7}% 87
\BOOKMARK [0][-]{chapter.8}{\376\377\000N\000e\000t\000w\000o\000r\000k\000\040\000A\000d\000d\000r\000e\000s\000s\000\040\000T\000r\000a\000n\000s\000l\000a\000t\000i\000o\000n}{}% 88
\BOOKMARK [1][-]{section.8.1}{\376\377\000M\000o\000t\000i\000v\000a\000z\000i\000o\000n\000i}{chapter.8}% 89
\BOOKMARK [1][-]{section.8.2}{\376\377\000N\000e\000t\000w\000o\000r\000k\000\040\000\050\000+\000P\000o\000r\000t\000\051\000\040\000A\000d\000d\000r\000e\000s\000s\000\040\000T\000r\000a\000n\000s\000l\000a\000t\000o\000r\000\040\000\050\000N\000A\000T\000\051}{chapter.8}% 90
\BOOKMARK [1][-]{section.8.3}{\376\377\000B\000a\000s\000i\000c\000\040\000N\000a\000t}{chapter.8}% 91
\BOOKMARK [2][-]{subsection.8.3.1}{\376\377\000C\000o\000n\000v\000e\000r\000s\000i\000o\000n\000e\000\040\000d\000i\000\040\000I\000n\000d\000i\000r\000i\000z\000z\000o}{section.8.3}% 92
\BOOKMARK [2][-]{subsection.8.3.2}{\376\377\000C\000o\000n\000v\000e\000r\000s\000i\000o\000n\000e\000\040\000d\000i\000\040\000i\000n\000d\000i\000r\000i\000z\000z\000o\000\040\000e\000\040\000p\000o\000r\000t\000a}{section.8.3}% 93
\BOOKMARK [2][-]{subsection.8.3.3}{\376\377\000D\000i\000r\000e\000z\000i\000o\000n\000e\000\040\000d\000e\000l\000l\000e\000\040\000c\000o\000n\000n\000e\000s\000s\000i\000o\000n\000i}{section.8.3}% 94
\BOOKMARK [2][-]{subsection.8.3.4}{\376\377\000P\000o\000r\000t\000\040\000f\000o\000r\000w\000a\000r\000d\000i\000n\000g}{section.8.3}% 95
\BOOKMARK [2][-]{subsection.8.3.5}{\376\377\000A\000n\000a\000l\000i\000s\000i\000\040\000d\000i\000\040\000c\000o\000n\000n\000e\000s\000s\000i\000o\000n\000i\000\040\000a\000t\000t\000r\000a\000v\000e\000r\000s\000o\000\040\000N\000A\000T}{section.8.3}% 96
\BOOKMARK [1][-]{section.8.4}{\376\377\000N\000A\000T\000\040\000e\000\040\000a\000p\000p\000l\000i\000c\000a\000z\000i\000o\000n\000i\000\040\000d\000i\000\040\000r\000e\000t\000e}{chapter.8}% 97
\BOOKMARK [2][-]{subsection.8.4.1}{\376\377\000L\000e\000\040\000a\000p\000p\000l\000i\000c\000a\000z\000i\000o\000n\000i\000\040\000n\000o\000n\000\040\000s\000o\000n\000o\000\040\000t\000r\000a\000s\000p\000a\000r\000e\000n\000t\000i\000\040\000a\000l\000\040\000N\000A\000T}{section.8.4}% 98
\BOOKMARK [2][-]{subsection.8.4.2}{\376\377\000I\000l\000\040\000t\000i\000p\000o\000\040\000d\000i\000\040\000t\000r\000a\000f\000f\000i\000c\000o\000\040\000p\000e\000r\000m\000e\000s\000s\000o\000\040\000d\000i\000p\000e\000n\000d\000e\000\040\000d\000a\000l\000\040\000i\000p\000o\000\040\000d\000i\000\040\000n\000a\000t}{section.8.4}% 99
\BOOKMARK [0][-]{chapter.9}{\376\377\000I\000P\000v\0006}{}% 100
\BOOKMARK [1][-]{section.9.1}{\376\377\000P\000r\000o\000b\000l\000e\000m\000a\000t\000i\000c\000h\000e\000\040\000d\000e\000l\000l\000'\000i\000n\000d\000i\000r\000i\000z\000z\000a\000m\000e\000n\000t\000o\000\040\000I\000P}{chapter.9}% 101
\BOOKMARK [1][-]{section.9.2}{\376\377\000S\000o\000l\000u\000z\000i\000o\000n\000e\000:\000\040\000I\000P\000P\000v\0006}{chapter.9}% 102
\BOOKMARK [0][-]{chapter.10}{\376\377\000I\000n\000s\000t\000r\000a\000d\000a\000m\000e\000n\000t\000o\000\040\000n\000e\000l\000l\000e\000\040\000r\000e\000t\000i\000\040\000a\000\040\000p\000a\000c\000c\000h\000e\000t\000t\000o\000\040\000e\000\040\000i\000n\000\040\000I\000n\000t\000e\000r\000n\000e\000t}{}% 103
\BOOKMARK [1][-]{section.10.1}{\376\377\000F\000u\000n\000z\000i\000o\000n\000i\000\040\000d\000e\000l\000l\000'\000\040\000I\000P}{chapter.10}% 104
\BOOKMARK [1][-]{section.10.2}{\376\377\000I\000l\000\040\000n\000o\000d\000o\000\040\000d\000i\000\040\000c\000o\000m\000m\000u\000t\000a\000z\000i\000o\000n\000e\000\040\000a\000\040\000p\000a\000c\000c\000h\000e\000t\000t\000o}{chapter.10}% 105
\BOOKMARK [2][-]{subsection.10.2.1}{\376\377\000S\000t\000o\000r\000e\000-\000a\000n\000d\000-\000F\000o\000r\000w\000a\000r\000d}{section.10.2}% 106
\BOOKMARK [1][-]{section.10.3}{\376\377\000F\000l\000o\000o\000d\000i\000n\000g}{chapter.10}% 107
\BOOKMARK [2][-]{subsection.10.3.1}{\376\377\000F\000u\000n\000z\000i\000o\000n\000a\000m\000e\000n\000t\000o}{section.10.3}% 108
\BOOKMARK [2][-]{subsection.10.3.2}{\376\377\000P\000r\000o\000b\000l\000e\000m\000a}{section.10.3}% 109
\BOOKMARK [2][-]{subsection.10.3.3}{\376\377\000S\000o\000l\000u\000z\000i\000o\000n\000e}{section.10.3}% 110
\BOOKMARK [1][-]{section.10.4}{\376\377\000D\000e\000f\000l\000e\000c\000t\000i\000o\000n\000\040\000r\000o\000u\000t\000i\000n\000g\000\040\000\050\000h\000o\000t\000\040\000p\000o\000t\000a\000t\000o\000\051}{chapter.10}% 111
\BOOKMARK [2][-]{subsection.10.4.1}{\376\377\000P\000e\000r\000\040\000q\000u\000a\000l\000i\000\040\000r\000e\000t\000i\000\040\000\350\000\040\000a\000d\000a\000t\000t\000o\000?}{section.10.4}% 112
\BOOKMARK [2][-]{subsection.10.4.2}{\376\377\000P\000r\000o\000p\000b\000l\000e\000m\000i}{section.10.4}% 113
\BOOKMARK [2][-]{subsection.10.4.3}{\376\377\000s\000o\000l\000u\000z\000i\000o\000n\000i}{section.10.4}% 114
\BOOKMARK [1][-]{section.10.5}{\376\377\000S\000h\000o\000r\000t\000e\000s\000t\000\040\000p\000a\000t\000h\000\040\000r\000o\000u\000t\000i\000n\000g}{chapter.10}% 115
\BOOKMARK [2][-]{subsection.10.5.1}{\376\377\000I\000p\000l\000e\000m\000e\000n\000t\000a\000z\000i\000o\000n\000e}{section.10.5}% 116
\BOOKMARK [1][-]{section.10.6}{\376\377\000R\000a\000p\000p\000r\000e\000s\000e\000n\000t\000a\000z\000i\000o\000n\000e\000\040\000d\000e\000l\000l\000a\000\040\000r\000e\000t\000e}{chapter.10}% 117
\BOOKMARK [1][-]{section.10.7}{\376\377\000I\000l\000\040\000g\000r\000a\000f\000o\000\040\000d\000e\000l\000l\000a\000\040\000r\000e\000t\000e}{chapter.10}% 118
\BOOKMARK [1][-]{section.10.8}{\376\377\000R\000o\000u\000t\000i\000n\000g\000\040\000s\000h\000o\000r\000t\000e\000s\000t\000\040\000p\000a\000t\000h\000\040\000n\000e\000l\000\040\000m\000o\000n\000d\000o\000\040\000I\000P}{chapter.10}% 119
\BOOKMARK [1][-]{section.10.9}{\376\377\000R\000o\000u\000i\000n\000g\000\040\000d\000i\000s\000t\000a\000n\000c\000e\000\040\000v\000e\000c\000t\000o\000r}{chapter.10}% 120
\BOOKMARK [2][-]{subsection.10.9.1}{\376\377\000C\000o\000s\000a\000\040\000i\000m\000p\000l\000e\000m\000e\000n\000t\000a}{section.10.9}% 121
\BOOKMARK [2][-]{subsection.10.9.2}{\376\377\000P\000r\000o\000b\000l\000e\000m\000i}{section.10.9}% 122
\BOOKMARK [2][-]{subsection.10.9.3}{\376\377\000E\000s\000e\000m\000p\000i\000o}{section.10.9}% 123
\BOOKMARK [2][-]{subsection.10.9.4}{}{section.10.9}% 124
\BOOKMARK [2][-]{subsection.10.9.5}{\376\377\000B\000o\000u\000n\000c\000i\000n\000g\000\040\000e\000f\000f\000e\000c\000t}{section.10.9}% 125
\BOOKMARK [1][-]{section.10.10}{\376\377\000C\000o\000n\000v\000e\000r\000g\000e\000n\000z\000a\000\040\000l\000e\000n\000t\000a}{chapter.10}% 126
\BOOKMARK [2][-]{subsection.10.10.1}{\376\377\000C\000o\000u\000n\000t\000\040\000t\000o\000\040\000i\000n\000f\000i\000n\000i\000t\000y}{section.10.10}% 127
\BOOKMARK [2][-]{subsection.10.10.2}{\376\377\000S\000p\000l\000i\000t\000\040\000h\000o\000r\000i\000z\000o\000n}{section.10.10}% 128
\BOOKMARK [2][-]{subsection.10.10.3}{\376\377\000T\000r\000i\000g\000g\000e\000r\000e\000d\000\040\000u\000p\000d\000a\000t\000e}{section.10.10}% 129
\BOOKMARK [2][-]{subsection.10.10.4}{\376\377\000N\000o\000n\000\040\000b\000a\000s\000t\000a}{section.10.10}% 130
\BOOKMARK [1][-]{section.10.11}{\376\377\000R\000o\000u\000t\000i\000n\000g\000\040\000l\000i\000n\000k\000\040\000s\000t\000a\000t\000e}{chapter.10}% 131
\BOOKMARK [2][-]{subsection.10.11.1}{\376\377\000S\000c\000o\000p\000o}{section.10.11}% 132
\BOOKMARK [2][-]{subsection.10.11.2}{\376\377\000R\000a\000c\000c\000o\000l\000t\000a\000\040\000d\000e\000l\000l\000e\000\040\000i\000n\000f\000o\000r\000m\000a\000z\000i\000o\000n\000i}{section.10.11}% 133
\BOOKMARK [2][-]{subsection.10.11.3}{\376\377\000D\000i\000f\000f\000u\000s\000i\000o\000n\000e\000\040\000e\000d\000\040\000e\000l\000a\000b\000o\000r\000a\000z\000i\000o\000n\000e\000\040\000d\000e\000l\000l\000e\000\040\000i\000n\000f\000o\000r\000m\000a\000z\000i\000o\000n\000i}{section.10.11}% 134
\BOOKMARK [2][-]{subsection.10.11.4}{\376\377\000E\000s\000e\000m\000p\000i\000o}{section.10.11}% 135
\BOOKMARK [1][-]{section.10.12}{\376\377\000I\000l\000\040\000r\000o\000u\000t\000e\000r\000\040\000I\000P}{chapter.10}% 136
\BOOKMARK [2][-]{subsection.10.12.1}{\376\377\000C\000l\000a\000s\000s\000i\000f\000i\000c\000a\000z\000i\000o\000n\000e\000\040\000d\000e\000i\000\040\000r\000o\000u\000t\000e\000r}{section.10.12}% 137
\BOOKMARK [2][-]{subsection.10.12.2}{\376\377\000L\000e\000\040\000f\000u\000n\000z\000i\000o\000n\000i}{section.10.12}% 138
\BOOKMARK [2][-]{subsection.10.12.3}{\376\377\000S\000c\000h\000e\000m\000a\000\040\000f\000u\000n\000z\000i\000o\000n\000a\000l\000e\000\040\000d\000i\000\040\000u\000n\000\040\000r\000o\000u\000t\000e\000r}{section.10.12}% 139
\BOOKMARK [2][-]{subsection.10.12.4}{\376\377\000T\000a\000b\000e\000l\000l\000a\000\040\000d\000i\000\040\000r\000o\000u\000t\000i\000n\000g}{section.10.12}% 140
\BOOKMARK [2][-]{subsection.10.12.5}{\376\377\000T\000a\000b\000e\000l\000l\000e\000\040\000d\000i\000\040\000f\000o\000r\000w\000a\000r\000d\000i\000n\000g}{section.10.12}% 141
\BOOKMARK [2][-]{subsection.10.12.6}{\376\377\000R\000o\000u\000t\000i\000n\000g\000\040\000v\000s\000\040\000f\000o\000r\000w\000a\000r\000d\000i\000n\000g\000\040\000t\000a\000b\000l\000e}{section.10.12}% 142
\BOOKMARK [2][-]{subsection.10.12.7}{\376\377\000A\000r\000r\000i\000v\000a\000r\000e\000\040\000a\000l\000l\000a\000\040\000F\000I\000B}{section.10.12}% 143
\BOOKMARK [0][-]{chapter.11}{\376\377\000I\000n\000s\000t\000r\000a\000d\000a\000m\000e\000n\000t\000o\000\040\000n\000e\000l\000l\000'\000I\000n\000t\000e\000r\000n\000e\000t\000\040\000g\000l\000o\000b\000a\000l\000e}{}% 144
\BOOKMARK [1][-]{section.11.1}{\376\377\000R\000o\000u\000t\000i\000n\000g\000\040\000g\000e\000r\000a\000r\000c\000h\000i\000c\000o}{chapter.11}% 145
\BOOKMARK [0][-]{chapter.12}{\376\377\000A\000u\000t\000h\000o\000n\000o\000m\000o\000u\000s\000\040\000S\000y\000s\000t\000e\000m\000s\000\040\000a\000n\000d\000\040\000p\000e\000e\000r\000i\000n\000g}{}% 146
\BOOKMARK [1][-]{section.12.1}{\376\377\000I\000n\000t\000e\000r\000n\000e\000t}{chapter.12}% 147
\BOOKMARK [2][-]{subsection.12.1.1}{\376\377\000r\000e\000t\000e\000\040\000d\000i\000\040\000r\000e\000t\000i}{section.12.1}% 148
\BOOKMARK [2][-]{subsection.12.1.2}{\376\377\000S\000i\000s\000t\000e\000m\000i\000\040\000I\000n\000t\000e\000r\000c\000o\000n\000n\000e\000s\000s\000i}{section.12.1}% 149
\BOOKMARK [2][-]{subsection.12.1.3}{\376\377\000G\000r\000a\000f\000o\000\040\000s\000e\000m\000p\000l\000i\000f\000i\000c\000a\000t\000e}{section.12.1}% 150
\BOOKMARK [1][-]{section.12.2}{\376\377\000R\000o\000u\000t\000i\000n\000g\000\040\000a\000\040\000l\000i\000v\000e\000l\000l\000o\000\040\000g\000l\000o\000b\000a\000l\000e}{chapter.12}% 151
\BOOKMARK [2][-]{subsection.12.2.1}{\376\377\000R\000o\000u\000t\000i\000n\000g\000\040\000g\000e\000r\000a\000r\000c\000h\000i\000c\000o}{section.12.2}% 152
\BOOKMARK [2][-]{subsection.12.2.2}{\376\377\000T\000i\000p\000i\000\040\000d\000i\000\040\000g\000r\000a\000f\000o}{section.12.2}% 153
\BOOKMARK [1][-]{section.12.3}{\376\377\000P\000r\000o\000t\000o\000c\000o\000l\000l\000i\000\040\000d\000i\000\040\000r\000o\000u\000t\000i\000n\000g}{chapter.12}% 154
\BOOKMARK [2][-]{subsection.12.3.1}{\376\377\000R\000F\000C\000\040\0001\0009\0003\0000}{section.12.3}% 155
\BOOKMARK [2][-]{subsection.12.3.2}{\376\377\000E\000s\000e\000m\000p\000i\000o}{section.12.3}% 156
\BOOKMARK [1][-]{section.12.4}{\376\377\000I\000n\000t\000e\000r\000n\000e\000t\000\040\000R\000o\000u\000t\000i\000n\000g\000\040\000R\000e\000g\000i\000s\000t\000e\000r}{chapter.12}% 157
\BOOKMARK [2][-]{subsection.12.4.1}{\376\377\000A\000S\000\040\0001\0003\0007}{section.12.4}% 158
\BOOKMARK [2][-]{subsection.12.4.2}{\376\377\000A\000S\0002\0000\0009\0006\0005\000\040\000R\000e\000g\000o\000l\000e\000\040\000d\000i\000\040\000I\000m\000p\000o\000r\000t}{section.12.4}% 159
\BOOKMARK [2][-]{subsection.12.4.3}{\376\377\000I\000n\000t\000e\000r\000c\000o\000n\000n\000e\000s\000s\000i\000o\000n\000e\000\040\000f\000r\000a\000\040\000A\000S}{section.12.4}% 160
\BOOKMARK [1][-]{section.12.5}{\376\377\000I\000n\000t\000e\000r\000n\000e\000t\000\040\000S\000e\000r\000v\000i\000c\000e\000\040\000P\000r\000o\000v\000i\000d\000e\000r}{chapter.12}% 161
\BOOKMARK [2][-]{subsection.12.5.1}{\376\377\000S\000e\000r\000v\000i\000z\000i}{section.12.5}% 162
\BOOKMARK [2][-]{subsection.12.5.2}{\376\377\000I\000S\000P\000\040\000d\000a\000l\000\040\000p\000u\000n\000t\000o\000\040\000d\000i\000\040\000v\000i\000s\000t\000a\000\040\000g\000i\000u\000r\000i\000d\000i\000c\000o}{section.12.5}% 163
\BOOKMARK [2][-]{subsection.12.5.3}{\376\377\000I\000n\000t\000e\000r\000n\000e\000t\000\040\000R\000e\000g\000i\000o\000n}{section.12.5}% 164
\BOOKMARK [2][-]{subsection.12.5.4}{\376\377\000C\000l\000a\000s\000s\000i\000f\000i\000c\000a\000z\000i\000o\000n\000e\000\040\000d\000e\000g\000l\000i\000\040\000I\000S\000P}{section.12.5}% 165
\BOOKMARK [2][-]{subsection.12.5.5}{\376\377\000P\000e\000e\000r\000i\000n\000g}{section.12.5}% 166
\BOOKMARK [2][-]{subsection.12.5.6}{\376\377\000I\000S\000P\000\040\000l\000o\000c\000a\000l\000i\000\040\000e\000\040\000P\000O\000P}{section.12.5}% 167
\BOOKMARK [2][-]{subsection.12.5.7}{\376\377\000E\000s\000e\000m\000p\000i\000o\000\040\000d\000i\000\040\000P\000O\000P}{section.12.5}% 168
\BOOKMARK [2][-]{subsection.12.5.8}{\376\377\000I\000n\000d\000i\000r\000i\000z\000z\000a\000m\000e\000n\000t\000o}{section.12.5}% 169
\BOOKMARK [2][-]{subsection.12.5.9}{\376\377\000I\000n\000t\000e\000r\000c\000o\000n\000n\000e\000s\000s\000i\000o\000n\000e}{section.12.5}% 170
\BOOKMARK [2][-]{subsection.12.5.10}{\376\377\000D\000a\000\040\000T\000i\000e\000r\000\040\0003\000\040\000a\000\040\000T\000i\000e\000r\000\040\0001}{section.12.5}% 171
\BOOKMARK [1][-]{section.12.6}{\376\377\000I\000n\000t\000e\000r\000n\000e\000t\000\040\000E\000x\000c\000h\000a\000n\000g\000e}{chapter.12}% 172
\BOOKMARK [1][-]{section.12.7}{\376\377\000I\000n\000\040\000I\000t\000a\000l\000i\000a}{chapter.12}% 173
\BOOKMARK [2][-]{subsection.12.7.1}{\376\377\000I\000X\000P\000\040\000i\000n\000\040\000I\000t\000a\000l\000i\000a}{section.12.7}% 174
\BOOKMARK [0][-]{chapter.13}{\376\377\000I\000n\000t\000e\000r\000i\000o\000r\000\040\000G\000a\000t\000e\000w\000a\000y\000\040\000P\000r\000o\000t\000o\000c\000o\000l\000\040\000\050\000I\000G\000P\000\051}{}% 175
\BOOKMARK [1][-]{section.13.1}{\376\377\000R\000o\000u\000t\000i\000n\000g\000\040\000I\000n\000f\000o\000r\000m\000a\000t\000i\000o\000n\000\040\000P\000r\000o\000t\000o\000l\000o\000l\000\040\000\050\000R\000I\000P\000\051}{chapter.13}% 176
\BOOKMARK [2][-]{subsection.13.1.1}{\376\377\000D\000o\000v\000e\000\040\000s\000i\000\040\000u\000t\000i\000l\000i\000z\000z\000a}{section.13.1}% 177
\BOOKMARK [2][-]{subsection.13.1.2}{\376\377\000T\000i\000p\000i\000\040\000d\000i\000\040\000m\000e\000s\000s\000a\000g\000g\000i}{section.13.1}% 178
\BOOKMARK [2][-]{subsection.13.1.3}{\376\377\000D\000a\000\040\000c\000h\000i\000\040\000s\000o\000n\000o\000\040\000t\000r\000a\000s\000p\000o\000r\000t\000a\000t\000i\000?}{section.13.1}% 179
\BOOKMARK [2][-]{subsection.13.1.4}{\376\377\000R\000E\000S\000P\000O\000N\000S\000E}{section.13.1}% 180
\BOOKMARK [2][-]{subsection.13.1.5}{\376\377\000F\000o\000r\000m\000a\000t\000o\000\040\000d\000e\000i\000\040\000p\000a\000c\000c\000h\000e\000t\000t\000i}{section.13.1}% 181
\BOOKMARK [2][-]{subsection.13.1.6}{\376\377\000S\000i\000g\000n\000i\000f\000i\000c\000a\000t\000o\000\040\000d\000e\000i\000\040\000c\000a\000m\000p\000i}{section.13.1}% 182
\BOOKMARK [2][-]{subsection.13.1.7}{\376\377\000L\000a\000\040\000t\000a\000b\000e\000l\000l\000a\000\040\000d\000i\000\040\000r\000o\000t\000i\000n\000g}{section.13.1}% 183
\BOOKMARK [2][-]{subsection.13.1.8}{\376\377\000A\000g\000g\000i\000o\000r\000n\000a\000m\000e\000n\000t\000o\000\040\000t\000a\000b\000e\000l\000l\000a\000\040\000d\000i\000\040\000r\000o\000u\000t\000i\000n\000g}{section.13.1}% 184
\BOOKMARK [2][-]{subsection.13.1.9}{\376\377\000P\000r\000o\000b\000l\000e\000m\000a\000t\000i\000c\000h\000e}{section.13.1}% 185
\BOOKMARK [2][-]{subsection.13.1.10}{\376\377\000R\000I\000P\000\040\000v\000e\000r\000s\000i\000o\000n\000e\000\040\0002}{section.13.1}% 186
\BOOKMARK [1][-]{section.13.2}{\376\377\000O\000p\000e\000n\000\040\000S\000h\000o\000r\000t\000e\000s\000t\000\040\000P\000a\000t\000h\000\040\000F\000i\000r\000s\000t\000\040\000\050\000O\000S\000P\000F\000\051}{chapter.13}% 187
\BOOKMARK [2][-]{subsection.13.2.1}{\376\377\000P\000e\000r\000\040\000c\000o\000s\000a\000\040\000\350\000\040\000s\000t\000a\000t\000o\000\040\000p\000r\000o\000g\000e\000t\000t\000a\000t\000o}{section.13.2}% 188
\BOOKMARK [2][-]{subsection.13.2.2}{\376\377\000A\000r\000e\000e\000\040\000d\000i\000\040\000R\000o\000u\000t\000i\000n\000g}{section.13.2}% 189
\BOOKMARK [2][-]{subsection.13.2.3}{\376\377\000T\000i\000p\000i\000\040\000d\000i\000\040\000r\000o\000u\000t\000e}{section.13.2}% 190
\BOOKMARK [2][-]{subsection.13.2.4}{\376\377\000T\000i\000p\000i\000\040\000d\000i\000\040\000a\000r\000e\000e}{section.13.2}% 191
\BOOKMARK [2][-]{subsection.13.2.5}{\376\377\000U\000l\000t\000e\000r\000i\000o\000r\000i\000\040\000c\000a\000r\000a\000t\000t\000e\000r\000i\000s\000t\000i\000c\000h\000e}{section.13.2}% 192
\BOOKMARK [2][-]{subsection.13.2.6}{\376\377\000R\000a\000p\000p\000r\000e\000s\000e\000n\000t\000a\000z\000i\000o\000n\000e\000\040\000d\000i\000\040\000h\000o\000s\000t\000\040\000e\000\040\000r\000o\000u\000t\000e\000r}{section.13.2}% 193
\BOOKMARK [2][-]{subsection.13.2.7}{\376\377\000T\000i\000p\000o\000l\000o\000g\000i\000e\000\040\000d\000i\000\040\000r\000e\000t\000e}{section.13.2}% 194
\BOOKMARK [2][-]{subsection.13.2.8}{\376\377\000R\000a\000p\000p\000r\000e\000s\000e\000n\000t\000a\000z\000i\000o\000n\000e\000\040\000d\000i\000\040\000r\000e\000t\000i\000\040\000m\000u\000l\000t\000i\000-\000a\000c\000c\000e\000s\000s\000o}{section.13.2}% 195
\BOOKMARK [2][-]{subsection.13.2.9}{\376\377\000V\000i\000c\000i\000n\000a\000n\000z\000a\000\040\000e\000\040\000a\000d\000i\000a\000c\000e\000n\000z\000a\000\040\000t\000r\000a\000\040\000r\000o\000u\000t\000e\000r}{section.13.2}% 196
\BOOKMARK [2][-]{subsection.13.2.10}{\376\377\000I\000d\000e\000n\000t\000i\000f\000i\000c\000a\000z\000i\000o\000n\000e\000\040\000d\000i\000\040\000r\000o\000u\000t\000e\000r\000\040\000e\000\040\000p\000r\000i\000o\000r\000i\000t\000\340\000\040}{section.13.2}% 197
\BOOKMARK [2][-]{subsection.13.2.11}{\376\377\000E\000l\000e\000z\000i\000o\000n\000e\000\040\000d\000i\000\040\000D\000R\000\040\000e\000\040\000B\000D\000R}{section.13.2}% 198
\BOOKMARK [2][-]{subsection.13.2.12}{\376\377\000L\000i\000n\000k\000\040\000S\000t\000a\000t\000e\000\040\000D\000a\000t\000a\000b\000a\000s\000e}{section.13.2}% 199
\BOOKMARK [2][-]{subsection.13.2.13}{\376\377\000I\000\040\000p\000r\000o\000t\000o\000c\000o\000l\000l\000i}{section.13.2}% 200
\BOOKMARK [2][-]{subsection.13.2.14}{\376\377\000T\000y\000p\000e}{section.13.2}% 201
\BOOKMARK [2][-]{subsection.13.2.15}{\376\377\000H\000e\000l\000l\000o\000\040\000p\000r\000o\000t\000o\000c\000o\000l}{section.13.2}% 202
\BOOKMARK [2][-]{subsection.13.2.16}{\376\377\000E\000x\000c\000h\000a\000n\000g\000e\000\040\000p\000r\000o\000t\000o\000c\000o\000l}{section.13.2}% 203
\BOOKMARK [0][-]{chapter.14}{\376\377\000C\000o\000m\000e\000\040\000f\000a\000\040\000u\000n\000\040\000p\000a\000c\000c\000h\000e\000t\000t\000o\000\040\000a\000d\000\040\000a\000r\000r\000i\000v\000a\000r\000e\000\040\000a\000\040\000d\000e\000s\000t\000i\000n\000a\000z\000i\000o\000n\000e}{}% 204
\BOOKMARK [0][-]{chapter.15}{\376\377\000E\000s\000e\000r\000c\000i\000t\000a\000z\000i\000o\000n\000e\000\040\000R\000o\000u\000t\000e\000r}{}% 205
