This is pdfTeX, Version 3.141592653-2.6-1.40.25 (TeX Live 2023/Arch Linux) (preloaded format=pdflatex 2023.11.7)  14 NOV 2023 13:14
entering extended mode
 restricted \write18 enabled.
 file:line:error style messages enabled.
 %&-line parsing enabled.
**/home/luca/UNI/anno_3/reti/laTex/appunti.tex
(/home/luca/UNI/anno_3/reti/laTex/appunti.tex
LaTeX2e <2022-11-01> patch level 1
L3 programming layer <2023-02-22> (/usr/share/texmf-dist/tex/latex/base/report.cls
Document Class: report 2022/07/02 v1.4n Standard LaTeX document class
(/usr/share/texmf-dist/tex/latex/base/size10.clo
File: size10.clo 2022/07/02 v1.4n Standard LaTeX file (size option)
)
\c@part=\count185
\c@chapter=\count186
\c@section=\count187
\c@subsection=\count188
\c@subsubsection=\count189
\c@paragraph=\count190
\c@subparagraph=\count191
\c@figure=\count192
\c@table=\count193
\abovecaptionskip=\skip48
\belowcaptionskip=\skip49
\bibindent=\dimen140
) (/usr/share/texmf-dist/tex/latex/graphics/graphicx.sty
Package: graphicx 2021/09/16 v1.2d Enhanced LaTeX Graphics (DPC,SPQR)
 (/usr/share/texmf-dist/tex/latex/graphics/keyval.sty
Package: keyval 2022/05/29 v1.15 key=value parser (DPC)
\KV@toks@=\toks16
) (/usr/share/texmf-dist/tex/latex/graphics/graphics.sty
Package: graphics 2022/03/10 v1.4e Standard LaTeX Graphics (DPC,SPQR)
 (/usr/share/texmf-dist/tex/latex/graphics/trig.sty
Package: trig 2021/08/11 v1.11 sin cos tan (DPC)
) (/usr/share/texmf-dist/tex/latex/graphics-cfg/graphics.cfg
File: graphics.cfg 2016/06/04 v1.11 sample graphics configuration
)
Package graphics Info: Driver file: pdftex.def on input line 107.
 (/usr/share/texmf-dist/tex/latex/graphics-def/pdftex.def
File: pdftex.def 2022/09/22 v1.2b Graphics/color driver for pdftex
))
\Gin@req@height=\dimen141
\Gin@req@width=\dimen142
) (/usr/share/texmf-dist/tex/latex/base/alltt.sty
Package: alltt 2021/01/29 v2.0g defines alltt environment
) (/usr/share/texmf-dist/tex/latex/fancyvrb/fancyvrb.sty
Package: fancyvrb 2023/01/19 4.5a verbatim text (tvz,hv)
\FV@CodeLineNo=\count194
\FV@InFile=\read2
\FV@TabBox=\box51
\c@FancyVerbLine=\count195
\FV@StepNumber=\count196
\FV@OutFile=\write3
) (/usr/share/texmf-dist/tex/latex/url/url.sty
\Urlmuskip=\muskip16
Package: url 2013/09/16  ver 3.4  Verb mode for urls, etc.
) (/usr/share/texmf-dist/tex/latex/base/inputenc.sty
Package: inputenc 2021/02/14 v1.3d Input encoding file
\inpenc@prehook=\toks17
\inpenc@posthook=\toks18
) (/usr/share/texmf-dist/tex/latex/float/float.sty
Package: float 2001/11/08 v1.3d Float enhancements (AL)
\c@float@type=\count197
\float@exts=\toks19
\float@box=\box52
\@float@everytoks=\toks20
\@floatcapt=\box53
) (/usr/share/texmf-dist/tex/latex/hyperref/hyperref.sty
Package: hyperref 2023-02-07 v7.00v Hypertext links for LaTeX
 (/usr/share/texmf-dist/tex/generic/ltxcmds/ltxcmds.sty
Package: ltxcmds 2020-05-10 v1.25 LaTeX kernel commands for general use (HO)
) (/usr/share/texmf-dist/tex/generic/iftex/iftex.sty
Package: iftex 2022/02/03 v1.0f TeX engine tests
) (/usr/share/texmf-dist/tex/generic/pdftexcmds/pdftexcmds.sty
Package: pdftexcmds 2020-06-27 v0.33 Utility functions of pdfTeX for LuaTeX (HO)
 (/usr/share/texmf-dist/tex/generic/infwarerr/infwarerr.sty
Package: infwarerr 2019/12/03 v1.5 Providing info/warning/error messages (HO)
)
Package pdftexcmds Info: \pdf@primitive is available.
Package pdftexcmds Info: \pdf@ifprimitive is available.
Package pdftexcmds Info: \pdfdraftmode found.
) (/usr/share/texmf-dist/tex/latex/kvsetkeys/kvsetkeys.sty
Package: kvsetkeys 2022-10-05 v1.19 Key value parser (HO)
) (/usr/share/texmf-dist/tex/generic/kvdefinekeys/kvdefinekeys.sty
Package: kvdefinekeys 2019-12-19 v1.6 Define keys (HO)
) (/usr/share/texmf-dist/tex/generic/pdfescape/pdfescape.sty
Package: pdfescape 2019/12/09 v1.15 Implements pdfTeX's escape features (HO)
) (/usr/share/texmf-dist/tex/latex/hycolor/hycolor.sty
Package: hycolor 2020-01-27 v1.10 Color options for hyperref/bookmark (HO)
) (/usr/share/texmf-dist/tex/latex/letltxmacro/letltxmacro.sty
Package: letltxmacro 2019/12/03 v1.6 Let assignment for LaTeX macros (HO)
) (/usr/share/texmf-dist/tex/latex/auxhook/auxhook.sty
Package: auxhook 2019-12-17 v1.6 Hooks for auxiliary files (HO)
) (/usr/share/texmf-dist/tex/latex/hyperref/nameref.sty
Package: nameref 2022-05-17 v2.50 Cross-referencing by name of section
 (/usr/share/texmf-dist/tex/latex/refcount/refcount.sty
Package: refcount 2019/12/15 v3.6 Data extraction from label references (HO)
) (/usr/share/texmf-dist/tex/generic/gettitlestring/gettitlestring.sty
Package: gettitlestring 2019/12/15 v1.6 Cleanup title references (HO)
 (/usr/share/texmf-dist/tex/latex/kvoptions/kvoptions.sty
Package: kvoptions 2022-06-15 v3.15 Key value format for package options (HO)
))
\c@section@level=\count198
)
\@linkdim=\dimen143
\Hy@linkcounter=\count199
\Hy@pagecounter=\count266
 (/usr/share/texmf-dist/tex/latex/hyperref/pd1enc.def
File: pd1enc.def 2023-02-07 v7.00v Hyperref: PDFDocEncoding definition (HO)
Now handling font encoding PD1 ...
... no UTF-8 mapping file for font encoding PD1
) (/usr/share/texmf-dist/tex/generic/intcalc/intcalc.sty
Package: intcalc 2019/12/15 v1.3 Expandable calculations with integers (HO)
) (/usr/share/texmf-dist/tex/generic/etexcmds/etexcmds.sty
Package: etexcmds 2019/12/15 v1.7 Avoid name clashes with e-TeX commands (HO)
)
\Hy@SavedSpaceFactor=\count267
 (/usr/share/texmf-dist/tex/latex/hyperref/puenc.def
File: puenc.def 2023-02-07 v7.00v Hyperref: PDF Unicode definition (HO)
Now handling font encoding PU ...
... no UTF-8 mapping file for font encoding PU
)
Package hyperref Info: Hyper figures OFF on input line 4177.
Package hyperref Info: Link nesting OFF on input line 4182.
Package hyperref Info: Hyper index ON on input line 4185.
Package hyperref Info: Plain pages OFF on input line 4192.
Package hyperref Info: Backreferencing OFF on input line 4197.
Package hyperref Info: Implicit mode ON; LaTeX internals redefined.
Package hyperref Info: Bookmarks ON on input line 4425.
\c@Hy@tempcnt=\count268
LaTeX Info: Redefining \url on input line 4763.
\XeTeXLinkMargin=\dimen144
 (/usr/share/texmf-dist/tex/generic/bitset/bitset.sty
Package: bitset 2019/12/09 v1.3 Handle bit-vector datatype (HO)
 (/usr/share/texmf-dist/tex/generic/bigintcalc/bigintcalc.sty
Package: bigintcalc 2019/12/15 v1.5 Expandable calculations on big integers (HO)
))
\Fld@menulength=\count269
\Field@Width=\dimen145
\Fld@charsize=\dimen146
Package hyperref Info: Hyper figures OFF on input line 6042.
Package hyperref Info: Link nesting OFF on input line 6047.
Package hyperref Info: Hyper index ON on input line 6050.
Package hyperref Info: backreferencing OFF on input line 6057.
Package hyperref Info: Link coloring OFF on input line 6062.
Package hyperref Info: Link coloring with OCG OFF on input line 6067.
Package hyperref Info: PDF/A mode OFF on input line 6072.
 (/usr/share/texmf-dist/tex/latex/base/atbegshi-ltx.sty
Package: atbegshi-ltx 2021/01/10 v1.0c Emulation of the original atbegshi
package with kernel methods
)
\Hy@abspage=\count270
\c@Item=\count271
\c@Hfootnote=\count272
)
Package hyperref Info: Driver (autodetected): hpdftex.
 (/usr/share/texmf-dist/tex/latex/hyperref/hpdftex.def
File: hpdftex.def 2023-02-07 v7.00v Hyperref driver for pdfTeX
 (/usr/share/texmf-dist/tex/latex/base/atveryend-ltx.sty
Package: atveryend-ltx 2020/08/19 v1.0a Emulation of the original atveryend package
with kernel methods
)
\Fld@listcount=\count273
\c@bookmark@seq@number=\count274
 (/usr/share/texmf-dist/tex/latex/rerunfilecheck/rerunfilecheck.sty
Package: rerunfilecheck 2022-07-10 v1.10 Rerun checks for auxiliary files (HO)
 (/usr/share/texmf-dist/tex/generic/uniquecounter/uniquecounter.sty
Package: uniquecounter 2019/12/15 v1.4 Provide unlimited unique counter (HO)
)
Package uniquecounter Info: New unique counter `rerunfilecheck' on input line 285.
)
\Hy@SectionHShift=\skip50
) (/usr/share/texmf-dist/tex/latex/amsmath/amsmath.sty
Package: amsmath 2022/04/08 v2.17n AMS math features
\@mathmargin=\skip51

For additional information on amsmath, use the `?' option.
(/usr/share/texmf-dist/tex/latex/amsmath/amstext.sty
Package: amstext 2021/08/26 v2.01 AMS text
 (/usr/share/texmf-dist/tex/latex/amsmath/amsgen.sty
File: amsgen.sty 1999/11/30 v2.0 generic functions
\@emptytoks=\toks21
\ex@=\dimen147
)) (/usr/share/texmf-dist/tex/latex/amsmath/amsbsy.sty
Package: amsbsy 1999/11/29 v1.2d Bold Symbols
\pmbraise@=\dimen148
) (/usr/share/texmf-dist/tex/latex/amsmath/amsopn.sty
Package: amsopn 2022/04/08 v2.04 operator names
)
\inf@bad=\count275
LaTeX Info: Redefining \frac on input line 234.
\uproot@=\count276
\leftroot@=\count277
LaTeX Info: Redefining \overline on input line 399.
LaTeX Info: Redefining \colon on input line 410.
\classnum@=\count278
\DOTSCASE@=\count279
LaTeX Info: Redefining \ldots on input line 496.
LaTeX Info: Redefining \dots on input line 499.
LaTeX Info: Redefining \cdots on input line 620.
\Mathstrutbox@=\box54
\strutbox@=\box55
LaTeX Info: Redefining \big on input line 722.
LaTeX Info: Redefining \Big on input line 723.
LaTeX Info: Redefining \bigg on input line 724.
LaTeX Info: Redefining \Bigg on input line 725.
\big@size=\dimen149
LaTeX Font Info:    Redeclaring font encoding OML on input line 743.
LaTeX Font Info:    Redeclaring font encoding OMS on input line 744.
\macc@depth=\count280
LaTeX Info: Redefining \bmod on input line 905.
LaTeX Info: Redefining \pmod on input line 910.
LaTeX Info: Redefining \smash on input line 940.
LaTeX Info: Redefining \relbar on input line 970.
LaTeX Info: Redefining \Relbar on input line 971.
\c@MaxMatrixCols=\count281
\dotsspace@=\muskip17
\c@parentequation=\count282
\dspbrk@lvl=\count283
\tag@help=\toks22
\row@=\count284
\column@=\count285
\maxfields@=\count286
\andhelp@=\toks23
\eqnshift@=\dimen150
\alignsep@=\dimen151
\tagshift@=\dimen152
\tagwidth@=\dimen153
\totwidth@=\dimen154
\lineht@=\dimen155
\@envbody=\toks24
\multlinegap=\skip52
\multlinetaggap=\skip53
\mathdisplay@stack=\toks25
LaTeX Info: Redefining \[ on input line 2953.
LaTeX Info: Redefining \] on input line 2954.
) (/usr/share/texmf-dist/tex/latex/amsfonts/amssymb.sty
Package: amssymb 2013/01/14 v3.01 AMS font symbols
 (/usr/share/texmf-dist/tex/latex/amsfonts/amsfonts.sty
Package: amsfonts 2013/01/14 v3.01 Basic AMSFonts support
\symAMSa=\mathgroup4
\symAMSb=\mathgroup5
LaTeX Font Info:    Redeclaring math symbol \hbar on input line 98.
LaTeX Font Info:    Overwriting math alphabet `\mathfrak' in version `bold'
(Font)                  U/euf/m/n --> U/euf/b/n on input line 106.
)) (/usr/share/texmf-dist/tex/latex/tools/bm.sty
Package: bm 2022/01/05 v1.2f Bold Symbol Support (DPC/FMi)
\symboldoperators=\mathgroup6
\symboldletters=\mathgroup7
\symboldsymbols=\mathgroup8
Package bm Info: No bold for \OMX/cmex/m/n, using \pmb.
Package bm Info: No bold for \U/msa/m/n, using \pmb.
Package bm Info: No bold for \U/msb/m/n, using \pmb.
LaTeX Font Info:    Redeclaring math alphabet \mathbf on input line 149.
) (/usr/share/texmf-dist/tex/latex/tabularray/tabularray.sty (/usr/share/texmf-dist/tex/latex/l3kernel/expl3.sty
Package: expl3 2023-02-22 L3 programming layer (loader) 
 (/usr/share/texmf-dist/tex/latex/l3backend/l3backend-pdftex.def
File: l3backend-pdftex.def 2023-01-16 L3 backend support: PDF output (pdfTeX)
\l__color_backend_stack_int=\count287
\l__pdf_internal_box=\box56
))
Package: tabularray 2023-03-01 v2023A Typeset tabulars and arrays with LaTeX3
\l__tblr_a_int=\count288
\l__tblr_c_int=\count289
\l__tblr_r_int=\count290
\l__tblr_d_dim=\dimen156
\l__tblr_h_dim=\dimen157
\l__tblr_o_dim=\dimen158
\l__tblr_p_dim=\dimen159
\l__tblr_q_dim=\dimen160
\l__tblr_r_dim=\dimen161
\l__tblr_s_dim=\dimen162
\l__tblr_t_dim=\dimen163
\l__tblr_v_dim=\dimen164
\l__tblr_w_dim=\dimen165
\l__tblr_a_box=\box57
\l__tblr_b_box=\box58
\l__tblr_c_box=\box59
\l__tblr_d_box=\box60
\g__tblr_table_count_int=\count291
\c@rownum=\count292
\c@colnum=\count293
\c@rowcount=\count294
\c@colcount=\count295
\abovesep=\dimen166
\belowsep=\dimen167
\leftsep=\dimen168
\rightsep=\dimen169
\g_tblr_level_int=\count296
\g__tblr_data_row_key_count_int=\count297
\g__tblr_data_column_key_count_int=\count298
\g__tblr_data_cell_key_count_int=\count299
\g__tblr_array_int=\count300
\l__tblr_key_count_int=\count301
\l__tblr_key_quotient_int=\count302
\l__tblr_key_quotient_two_int=\count303
\l__tblr_key_remainder_int=\count304
\g__tblr_data_str_value_count_int=\count305
\rulewidth=\dimen170
\l__tblr_strut_dp_dim=\dimen171
\l__tblr_strut_ht_dim=\dimen172
\g__tblr_cell_wd_dim=\dimen173
\g__tblr_cell_ht_dim=\dimen174
\g__tblr_cell_head_dim=\dimen175
\g__tblr_cell_foot_dim=\dimen176
\l__column_target_dim=\dimen177
\l__tblr_caption_box=\box61
\l__tblr_caption_left_box=\box62
\l__tblr_row_head_box=\box63
\l__tblr_row_foot_box=\box64
\l__tblr_row_head_foot_dim=\dimen178
\tablewidth=\dimen179
\l__tblr_table_firsthead_box=\box65
\l__tblr_table_middlehead_box=\box66
\l__tblr_table_lasthead_box=\box67
\l__tblr_table_firstfoot_box=\box68
\l__tblr_table_middlefoot_box=\box69
\l__tblr_table_lastfoot_box=\box70
\l__tblr_remain_height_dim=\dimen180
\l__tblr_long_from_int=\count306
\l__tblr_long_to_int=\count307
\l__tblr_curr_i_int=\count308
\l__tblr_prev_i_int=\count309
\l__tblr_table_page_int=\count310
\l__tblr_table_head_box=\box71
\l__tblr_table_foot_box=\box72
\l__tblr_table_head_foot_dim=\dimen181
\l__tblr_table_head_body_foot_dim=\dimen182
\l__tblr_table_box=\box73
\l__tblr_table_hlines_box=\box74
\l__tblr_hline_box=\box75
\l__tblr_row_box=\box76
\l__tblr_col_o_wd_dim=\dimen183
\l__tblr_col_b_wd_dim=\dimen184
\l__tblr_hline_leftskip_dim=\dimen185
\l__tblr_hline_rightskip_dim=\dimen186
\l__tblr_row_ht_dim=\dimen187
\l__tblr_row_dp_dim=\dimen188
\l__tblr_row_abovesep_dim=\dimen189
\l__tblr_row_belowsep_dim=\dimen190
\l__tblr_row_vlines_box=\box77
\l__tblr_vline_box=\box78
\l__tblr_cell_box=\box79
\l__row_upper_dim=\dimen191
\l__row_lower_dim=\dimen192
\l__row_vpace_dim=\dimen193
\l__tblr_vline_aboveskip_dim=\dimen194
\l__tblr_vline_belowskip_dim=\dimen195
\l__tblr_cell_wd_dim=\dimen196
\l__tblr_cell_ht_dim=\dimen197
\l__tblr_diag_box=\box80
) (/usr/share/texmf-dist/tex/latex/geometry/geometry.sty
Package: geometry 2020/01/02 v5.9 Page Geometry
 (/usr/share/texmf-dist/tex/generic/iftex/ifvtex.sty
Package: ifvtex 2019/10/25 v1.7 ifvtex legacy package. Use iftex instead.
)
\Gm@cnth=\count311
\Gm@cntv=\count312
\c@Gm@tempcnt=\count313
\Gm@bindingoffset=\dimen198
\Gm@wd@mp=\dimen199
\Gm@odd@mp=\dimen256
\Gm@even@mp=\dimen257
\Gm@layoutwidth=\dimen258
\Gm@layoutheight=\dimen259
\Gm@layouthoffset=\dimen260
\Gm@layoutvoffset=\dimen261
\Gm@dimlist=\toks26
) (./appunti.aux)
\openout1 = `appunti.aux'.

LaTeX Font Info:    Checking defaults for OML/cmm/m/it on input line 17.
LaTeX Font Info:    ... okay on input line 17.
LaTeX Font Info:    Checking defaults for OMS/cmsy/m/n on input line 17.
LaTeX Font Info:    ... okay on input line 17.
LaTeX Font Info:    Checking defaults for OT1/cmr/m/n on input line 17.
LaTeX Font Info:    ... okay on input line 17.
LaTeX Font Info:    Checking defaults for T1/cmr/m/n on input line 17.
LaTeX Font Info:    ... okay on input line 17.
LaTeX Font Info:    Checking defaults for TS1/cmr/m/n on input line 17.
LaTeX Font Info:    ... okay on input line 17.
LaTeX Font Info:    Checking defaults for OMX/cmex/m/n on input line 17.
LaTeX Font Info:    ... okay on input line 17.
LaTeX Font Info:    Checking defaults for U/cmr/m/n on input line 17.
LaTeX Font Info:    ... okay on input line 17.
LaTeX Font Info:    Checking defaults for PD1/pdf/m/n on input line 17.
LaTeX Font Info:    ... okay on input line 17.
LaTeX Font Info:    Checking defaults for PU/pdf/m/n on input line 17.
LaTeX Font Info:    ... okay on input line 17.
 (/usr/share/texmf-dist/tex/context/base/mkii/supp-pdf.mkii
[Loading MPS to PDF converter (version 2006.09.02).]
\scratchcounter=\count314
\scratchdimen=\dimen262
\scratchbox=\box81
\nofMPsegments=\count315
\nofMParguments=\count316
\everyMPshowfont=\toks27
\MPscratchCnt=\count317
\MPscratchDim=\dimen263
\MPnumerator=\count318
\makeMPintoPDFobject=\count319
\everyMPtoPDFconversion=\toks28
) (/usr/share/texmf-dist/tex/latex/epstopdf-pkg/epstopdf-base.sty
Package: epstopdf-base 2020-01-24 v2.11 Base part for package epstopdf
Package epstopdf-base Info: Redefining graphics rule for `.eps' on input line 485.
 (/usr/share/texmf-dist/tex/latex/latexconfig/epstopdf-sys.cfg
File: epstopdf-sys.cfg 2010/07/13 v1.3 Configuration of (r)epstopdf for TeX Live
))
Package hyperref Info: Link coloring OFF on input line 17.
 (./appunti.out) (./appunti.out)
\@outlinefile=\write4
\openout4 = `appunti.out'.


*geometry* driver: auto-detecting
*geometry* detected driver: pdftex
*geometry* verbose mode - [ preamble ] result:
* driver: pdftex
* paper: <default>
* layout: <same size as paper>
* layoutoffset:(h,v)=(0.0pt,0.0pt)
* modes: 
* h-part:(L,W,R)=(71.13188pt, 472.03123pt, 71.13188pt)
* v-part:(T,H,B)=(95.39737pt, 628.44073pt, 71.13188pt)
* \paperwidth=614.295pt
* \paperheight=794.96999pt
* \textwidth=472.03123pt
* \textheight=628.44073pt
* \oddsidemargin=-1.1381pt
* \evensidemargin=-1.1381pt
* \topmargin=-13.87262pt
* \headheight=12.0pt
* \headsep=25.0pt
* \topskip=10.0pt
* \footskip=30.0pt
* \marginparwidth=65.0pt
* \marginparsep=11.0pt
* \columnsep=10.0pt
* \skip\footins=9.0pt plus 4.0pt minus 2.0pt
* \hoffset=0.0pt
* \voffset=0.0pt
* \mag=1000
* \@twocolumnfalse
* \@twosidefalse
* \@mparswitchfalse
* \@reversemarginfalse
* (1in=72.27pt=25.4mm, 1cm=28.453pt)

LaTeX Font Info:    Trying to load font information for U+msa on input line 19.
(/usr/share/texmf-dist/tex/latex/amsfonts/umsa.fd
File: umsa.fd 2013/01/14 v3.01 AMS symbols A
)
LaTeX Font Info:    Trying to load font information for U+msb on input line 19.
 (/usr/share/texmf-dist/tex/latex/amsfonts/umsb.fd
File: umsb.fd 2013/01/14 v3.01 AMS symbols B
) [1

{/var/lib/texmf/fonts/map/pdftex/updmap/pdftex.map}] (./appunti.toc
pdfTeX warning (ext4): destination with the same identifier (name{page.1}) has been already used, duplicate ignored
<to be read again> 
                   \relax 
l.45 ...rvalli di Indirizzi}{24}{subsection.3.2.2}
                                                  % [1

] [2] [3] [4])
\tf@toc=\write5
\openout5 = `appunti.toc'.

 [5]
Chapter 1.
<1/Architettura.png, id=1066, 355.3275pt x 185.493pt>
File: 1/Architettura.png Graphic file (type png)
<use 1/Architettura.png>
Package pdftex.def Info: 1/Architettura.png  used on input line 23.
(pdftex.def)             Requested size: 424.82523pt x 221.78098pt.
[6

{/usr/share/texmf-dist/fonts/enc/dvips/cm-super/cm-super-ts1.enc} <./1/Architettura.png>]
<1/PCI.png, id=1075, 703.62875pt x 468.75125pt>
File: 1/PCI.png Graphic file (type png)
<use 1/PCI.png>
Package pdftex.def Info: 1/PCI.png  used on input line 47.
(pdftex.def)             Requested size: 424.82523pt x 283.01244pt.
 [7 <./1/PCI.png (PNG copy)>]
<1/offset.png, id=1081, 732.7375pt x 232.87pt>
File: 1/offset.png Graphic file (type png)
<use 1/offset.png>
Package pdftex.def Info: 1/offset.png  used on input line 84.
(pdftex.def)             Requested size: 424.82523pt x 135.01494pt.
<1/seg.png, id=1082, 866.23625pt x 529.98pt>
File: 1/seg.png Graphic file (type png)
<use 1/seg.png>
Package pdftex.def Info: 1/seg.png  used on input line 88.
(pdftex.def)             Requested size: 424.82523pt x 259.91888pt.
 [8 <./1/offset.png (PNG copy)>]
<1/rias.png, id=1088, 758.835pt x 456.70625pt>
File: 1/rias.png Graphic file (type png)
<use 1/rias.png>
Package pdftex.def Info: 1/rias.png  used on input line 92.
(pdftex.def)             Requested size: 424.82523pt x 255.68405pt.
<1/calc.png, id=1089, 849.1725pt x 496.85625pt>
File: 1/calc.png Graphic file (type png)
<use 1/calc.png>
Package pdftex.def Info: 1/calc.png  used on input line 96.
(pdftex.def)             Requested size: 424.82523pt x 248.57155pt.
 [9 <./1/seg.png (PNG copy)> <./1/rias.png (PNG copy)>] [10 <./1/calc.png (PNG copy)>]
Chapter 2.
<1/rdr.png, id=1101, 833.1125pt x 471.7625pt>
File: 1/rdr.png Graphic file (type png)
<use 1/rdr.png>
Package pdftex.def Info: 1/rdr.png  used on input line 108.
(pdftex.def)             Requested size: 424.82523pt x 240.5669pt.
[11

 <./1/rdr.png (PNG copy)>]
<1/router.png, id=1106, 780.9175pt x 574.145pt>
File: 1/router.png Graphic file (type png)
<use 1/router.png>
Package pdftex.def Info: 1/router.png  used on input line 140.
(pdftex.def)             Requested size: 424.82523pt x 312.33775pt.
<1/router2.png, id=1107, 727.71875pt x 417.56pt>
File: 1/router2.png Graphic file (type png)
<use 1/router2.png>
Package pdftex.def Info: 1/router2.png  used on input line 142.
(pdftex.def)             Requested size: 424.82523pt x 243.77144pt.
 [12] [13 <./1/router.png (PNG copy)> <./1/router2.png (PNG copy)>]
<1/ip.png, id=1117, 734.745pt x 413.545pt>
File: 1/ip.png Graphic file (type png)
<use 1/ip.png>
Package pdftex.def Info: 1/ip.png  used on input line 157.
(pdftex.def)             Requested size: 424.82523pt x 239.11165pt.
<1/ip2.png, id=1118, 820.06375pt x 501.875pt>
File: 1/ip2.png Graphic file (type png)
<use 1/ip2.png>
Package pdftex.def Info: 1/ip2.png  used on input line 160.
(pdftex.def)             Requested size: 424.82523pt x 259.99628pt.
 [14 <./1/ip.png (PNG copy)>]
<1/retiP.png, id=1123, 644.4075pt x 116.435pt>
File: 1/retiP.png Graphic file (type png)
<use 1/retiP.png>
Package pdftex.def Info: 1/retiP.png  used on input line 176.
(pdftex.def)             Requested size: 424.82523pt x 76.76204pt.

Underfull \hbox (badness 10000) in paragraph at lines 169--177

 []

[15 <./1/ip2.png (PNG copy)> <./1/retiP.png (PNG copy)>]
<1/arp.png, id=1128, 671.50874pt x 203.76125pt>
File: 1/arp.png Graphic file (type png)
<use 1/arp.png>
Package pdftex.def Info: 1/arp.png  used on input line 195.
(pdftex.def)             Requested size: 424.82523pt x 128.90814pt.
<1/arp2.png, id=1129, 672.5125pt x 194.7275pt>
File: 1/arp2.png Graphic file (type png)
<use 1/arp2.png>
Package pdftex.def Info: 1/arp2.png  used on input line 201.
(pdftex.def)             Requested size: 424.82523pt x 123.00877pt.
 [16 <./1/arp.png (PNG copy)>]
<1/tabR.png, id=1134, 858.20625pt x 276.03125pt>
File: 1/tabR.png Graphic file (type png)
<use 1/tabR.png>
Package pdftex.def Info: 1/tabR.png  used on input line 223.
(pdftex.def)             Requested size: 424.82523pt x 136.6422pt.
 [17 <./1/arp2.png (PNG copy)> <./1/tabR.png (PNG copy)>]
<1/tl.png, id=1140, 897.3525pt x 506.89375pt>
File: 1/tl.png Graphic file (type png)
<use 1/tl.png>
Package pdftex.def Info: 1/tl.png  used on input line 246.
(pdftex.def)             Requested size: 424.82523pt x 239.97264pt.
<1/es1.png, id=1141, 727.71875pt x 456.70625pt>
File: 1/es1.png Graphic file (type png)
<use 1/es1.png>
Package pdftex.def Info: 1/es1.png  used on input line 250.
(pdftex.def)             Requested size: 424.82523pt x 266.62503pt.
<1/es2.png, id=1142, 712.6625pt x 495.8525pt>
File: 1/es2.png Graphic file (type png)
<use 1/es2.png>
Package pdftex.def Info: 1/es2.png  used on input line 253.
(pdftex.def)             Requested size: 424.82523pt x 295.58444pt.
 [18 <./1/tl.png (PNG copy)>]
<1/sempTab1.png, id=1148, 832.10875pt x 506.89375pt>
File: 1/sempTab1.png Graphic file (type png)
<use 1/sempTab1.png>
Package pdftex.def Info: 1/sempTab1.png  used on input line 257.
(pdftex.def)             Requested size: 424.82523pt x 258.79083pt.
 [19 <./1/es1.png (PNG copy)> <./1/es2.png (PNG copy)>]
<1/sempTab.png, id=1153, 797.98125pt x 518.93875pt>
File: 1/sempTab.png Graphic file (type png)
<use 1/sempTab.png>
Package pdftex.def Info: 1/sempTab.png  used on input line 261.
(pdftex.def)             Requested size: 424.82523pt x 276.27148pt.
<1/pr.png, id=1154, 819.06pt x 470.75874pt>
File: 1/pr.png Graphic file (type png)
<use 1/pr.png>
Package pdftex.def Info: 1/pr.png  used on input line 270.
(pdftex.def)             Requested size: 424.82523pt x 244.1782pt.
 [20 <./1/sempTab1.png (PNG copy)> <./1/sempTab.png (PNG copy)>]
<1/pr2.png, id=1159, 823.075pt x 463.7325pt>
File: 1/pr2.png Graphic file (type png)
<use 1/pr2.png>
Package pdftex.def Info: 1/pr2.png  used on input line 273.
(pdftex.def)             Requested size: 424.82523pt x 239.35205pt.
 [21 <./1/pr.png (PNG copy)> <./1/pr2.png (PNG copy)>]
<1/uG.png, id=1164, 888.31876pt x 315.1775pt>
File: 1/uG.png Graphic file (type png)
<use 1/uG.png>
Package pdftex.def Info: 1/uG.png  used on input line 290.
(pdftex.def)             Requested size: 424.82523pt x 150.7256pt.
 [22 <./1/uG.png (PNG copy)>]
Chapter 3.
<1/cI.png, id=1172, 831.105pt x 504.88625pt>
File: 1/cI.png Graphic file (type png)
<use 1/cI.png>
Package pdftex.def Info: 1/cI.png  used on input line 316.
(pdftex.def)             Requested size: 424.82523pt x 258.07407pt.
[23

] [24 <./1/cI.png (PNG copy)>]
<1/sub1.png, id=1182, 767.86874pt x 193.72375pt>
File: 1/sub1.png Graphic file (type png)
<use 1/sub1.png>
Package pdftex.def Info: 1/sub1.png  used on input line 350.
(pdftex.def)             Requested size: 424.82523pt x 107.18095pt.
<1/sub2.png, id=1183, 824.07875pt x 415.5525pt>
File: 1/sub2.png Graphic file (type png)
<use 1/sub2.png>
Package pdftex.def Info: 1/sub2.png  used on input line 354.
(pdftex.def)             Requested size: 424.82523pt x 214.22433pt.
 [25 <./1/sub1.png (PNG copy)> <./1/sub2.png (PNG copy)>]
<1/Oggi.png, id=1189, 846.16125pt x 557.08125pt>
File: 1/Oggi.png Graphic file (type png)
<use 1/Oggi.png>
Package pdftex.def Info: 1/Oggi.png  used on input line 419.
(pdftex.def)             Requested size: 424.82523pt x 279.68748pt.
 [26] [27 <./1/Oggi.png (PNG copy)>]
Chapter 4.
<1/ICMP.png, id=1200, 597.23125pt x 151.56625pt>
File: 1/ICMP.png Graphic file (type png)
<use 1/ICMP.png>
Package pdftex.def Info: 1/ICMP.png  used on input line 437.
(pdftex.def)             Requested size: 424.82523pt x 107.81398pt.

Underfull \hbox (badness 10000) in paragraph at lines 432--438

 []

<1/pacICMP.png, id=1201, 422.57875pt x 203.76125pt>
File: 1/pacICMP.png Graphic file (type png)
<use 1/pacICMP.png>
Package pdftex.def Info: 1/pacICMP.png  used on input line 441.
(pdftex.def)             Requested size: 424.82523pt x 204.84894pt.
[28

 <./1/ICMP.png (PNG copy)>] [29 <./1/pacICMP.png (PNG copy)>] [30]
Chapter 5.
<2/ping.png, id=1217, 416.55624pt x 120.45pt>
File: 2/ping.png Graphic file (type png)
<use 2/ping.png>
Package pdftex.def Info: 2/ping.png  used on input line 503.
(pdftex.def)             Requested size: 424.82523pt x 122.84633pt.
[31

 <./2/ping.png (PNG copy)>]
<2/trace.png, id=1222, 614.295pt x 120.45pt>
File: 2/trace.png Graphic file (type png)
<use 2/trace.png>
Package pdftex.def Info: 2/trace.png  used on input line 531.
(pdftex.def)             Requested size: 424.82523pt x 83.29988pt.
 [32 <./2/trace.png (PNG copy)>]
Chapter 6.
<2/DHCP1.png, id=1232, 836.12375pt x 300.12125pt>
File: 2/DHCP1.png Graphic file (type png)
<use 2/DHCP1.png>
Package pdftex.def Info: 2/DHCP1.png  used on input line 559.
(pdftex.def)             Requested size: 424.82523pt x 152.49194pt.
<2/DHCP2.png, id=1233, 834.11626pt x 281.05pt>
File: 2/DHCP2.png Graphic file (type png)
<use 2/DHCP2.png>
Package pdftex.def Info: 2/DHCP2.png  used on input line 563.
(pdftex.def)             Requested size: 424.82523pt x 143.1449pt.
[33

 <./2/DHCP1.png (PNG copy)>]
<2/DHCP3.png, id=1239, 833.1125pt x 303.1325pt>
File: 2/DHCP3.png Graphic file (type png)
<use 2/DHCP3.png>
Package pdftex.def Info: 2/DHCP3.png  used on input line 567.
(pdftex.def)             Requested size: 424.82523pt x 154.57703pt.
<2/DHCP4.png, id=1240, 829.0975pt x 262.9825pt>
File: 2/DHCP4.png Graphic file (type png)
<use 2/DHCP4.png>
Package pdftex.def Info: 2/DHCP4.png  used on input line 571.
(pdftex.def)             Requested size: 424.82523pt x 134.7493pt.
 [34 <./2/DHCP2.png (PNG copy)> <./2/DHCP3.png (PNG copy)> <./2/DHCP4.png (PNG copy)>] [35]
Chapter 7.
<2/fir.png, id=1249, 539.01375pt x 127.47626pt>
File: 2/fir.png Graphic file (type png)
<use 2/fir.png>
Package pdftex.def Info: 2/fir.png  used on input line 583.
(pdftex.def)             Requested size: 424.82523pt x 100.47171pt.
<2/pac.png, id=1250, 665.48625pt x 462.72874pt>
File: 2/pac.png Graphic file (type png)
<use 2/pac.png>
Package pdftex.def Info: 2/pac.png  used on input line 593.
(pdftex.def)             Requested size: 424.82523pt x 295.39696pt.
[36

 <./2/fir.png (PNG copy)>]
<2/stateFull.png, id=1256, 674.52pt x 462.72874pt>
File: 2/stateFull.png Graphic file (type png)
<use 2/stateFull.png>
Package pdftex.def Info: 2/stateFull.png  used on input line 598.
(pdftex.def)             Requested size: 424.82523pt x 291.44298pt.
 [37 <./2/pac.png (PNG copy)>]
<2/apL.png, id=1261, 677.53125pt x 458.71375pt>
File: 2/apL.png Graphic file (type png)
<use 2/apL.png>
Package pdftex.def Info: 2/apL.png  used on input line 605.
(pdftex.def)             Requested size: 424.82523pt x 287.6333pt.
<2/apL2.png, id=1262, 712.6625pt x 390.45876pt>
File: 2/apL2.png Graphic file (type png)
<use 2/apL2.png>
Package pdftex.def Info: 2/apL2.png  used on input line 608.
(pdftex.def)             Requested size: 424.82523pt x 232.75778pt.
 [38 <./2/stateFull.png (PNG copy)>]
<2/fir2.png, id=1267, 766.865pt x 399.4925pt>
File: 2/fir2.png Graphic file (type png)
<use 2/fir2.png>
Package pdftex.def Info: 2/fir2.png  used on input line 618.
(pdftex.def)             Requested size: 424.82523pt x 221.31253pt.
 [39 <./2/apL.png (PNG copy)> <./2/apL2.png (PNG copy)>]
Underfull \hbox (badness 10000) in paragraph at lines 649--655

 []

[40 <./2/fir2.png (PNG copy)>]
<2/confPac.png, id=1276, 780.9175pt x 466.74374pt>
File: 2/confPac.png Graphic file (type png)
<use 2/confPac.png>
Package pdftex.def Info: 2/confPac.png  used on input line 661.
(pdftex.def)             Requested size: 424.82523pt x 253.91093pt.
 [41 <./2/confPac.png (PNG copy)>]
Chapter 8.
<2/NAT.png, id=1283, 697.60625pt x 185.69376pt>
File: 2/NAT.png Graphic file (type png)
<use 2/NAT.png>
Package pdftex.def Info: 2/NAT.png  used on input line 668.
(pdftex.def)             Requested size: 424.82523pt x 113.08318pt.
<2/NAT2.png, id=1284, 698.61pt x 455.7025pt>
File: 2/NAT2.png Graphic file (type png)
<use 2/NAT2.png>
Package pdftex.def Info: 2/NAT2.png  used on input line 680.
(pdftex.def)             Requested size: 424.82523pt x 277.11588pt.
[42

 <./2/NAT.png (PNG copy)>]
<2/convInd.png, id=1290, 631.35875pt x 338.26375pt>
File: 2/convInd.png Graphic file (type png)
<use 2/convInd.png>
Package pdftex.def Info: 2/convInd.png  used on input line 688.
(pdftex.def)             Requested size: 424.82523pt x 227.61104pt.
 [43 <./2/NAT2.png (PNG copy)>]
<2/pc.png, id=1295, 662.475pt x 316.18124pt>
File: 2/pc.png Graphic file (type png)
<use 2/pc.png>
Package pdftex.def Info: 2/pc.png  used on input line 695.
(pdftex.def)             Requested size: 424.82523pt x 202.75574pt.
<2/dirc.png, id=1296, 646.415pt x 226.8475pt>
File: 2/dirc.png Graphic file (type png)
<use 2/dirc.png>
Package pdftex.def Info: 2/dirc.png  used on input line 704.
(pdftex.def)             Requested size: 424.82523pt x 149.0829pt.
 [44 <./2/convInd.png (PNG copy)> <./2/pc.png (PNG copy)>]
<2/portFor.png, id=1301, 655.44875pt x 350.30875pt>
File: 2/portFor.png Graphic file (type png)
<use 2/portFor.png>
Package pdftex.def Info: 2/portFor.png  used on input line 709.
(pdftex.def)             Requested size: 424.82523pt x 227.05121pt.
<2/an1.png, id=1302, 768.8725pt x 488.82625pt>
File: 2/an1.png Graphic file (type png)
<use 2/an1.png>
Package pdftex.def Info: 2/an1.png  used on input line 713.
(pdftex.def)             Requested size: 424.82523pt x 270.09343pt.
<2/an2.png, id=1303, 765.86125pt x 488.82625pt>
File: 2/an2.png Graphic file (type png)
<use 2/an2.png>
Package pdftex.def Info: 2/an2.png  used on input line 716.
(pdftex.def)             Requested size: 424.82523pt x 271.15259pt.
 [45 <./2/dirc.png (PNG copy)> <./2/portFor.png (PNG copy)>] [46 <./2/an1.png (PNG copy)> <./2/an2.png (PNG copy)>] [47]
Chapter 9.
[48

]
Chapter 10.
<3/nCp.png, id=1321, 896.34875pt x 539.01375pt>
File: 3/nCp.png Graphic file (type png)
<use 3/nCp.png>
Package pdftex.def Info: 3/nCp.png  used on input line 781.
(pdftex.def)             Requested size: 424.82523pt x 255.46667pt.
[49

]
Overfull \hbox (10.5252pt too wide) in paragraph at lines 784--791
\OT1/cmr/m/n/10 Il pac-chetto ^^Re ver-i-fi-cato e mem-o-riz-zato, si es-trag-gono le in-for-mazioni di in-strada-mento dall'intestazione(indirizzo,
 []

[50 <./3/nCp.png (PNG copy)>] [51] [52]
<3/esDV.png, id=1339, 816.04875pt x 488.82625pt>
File: 3/esDV.png Graphic file (type png)
<use 3/esDV.png>
Package pdftex.def Info: 3/esDV.png  used on input line 904.
(pdftex.def)             Requested size: 424.82523pt x 254.47453pt.
 [53 <./3/esDV.png (PNG copy)>]
<3/bouncing.png, id=1344, 772.8875pt x 187.70125pt>
File: 3/bouncing.png Graphic file (type png)
<use 3/bouncing.png>
Package pdftex.def Info: 3/bouncing.png  used on input line 921.
(pdftex.def)             Requested size: 424.82523pt x 103.17299pt.
<3/converg.png, id=1345, 777.90625pt x 495.8525pt>
File: 3/converg.png Graphic file (type png)
<use 3/converg.png>
Package pdftex.def Info: 3/converg.png  used on input line 925.
(pdftex.def)             Requested size: 424.82523pt x 270.79793pt.
<3/count.png, id=1346, 705.63625pt x 258.9675pt>
File: 3/count.png Graphic file (type png)
<use 3/count.png>
Package pdftex.def Info: 3/count.png  used on input line 929.
(pdftex.def)             Requested size: 424.82523pt x 155.91118pt.
 [54 <./3/bouncing.png (PNG copy)> <./3/converg.png (PNG copy)>]
<3/nBast.png, id=1353, 706.64pt x 225.84375pt>
File: 3/nBast.png Graphic file (type png)
<use 3/nBast.png>
Package pdftex.def Info: 3/nBast.png  used on input line 954.
(pdftex.def)             Requested size: 424.82523pt x 135.77608pt.
 [55 <./3/count.png (PNG copy)>]
<3/eseGraph.png, id=1358, 818.05624pt x 512.91624pt>
File: 3/eseGraph.png Graphic file (type png)
<use 3/eseGraph.png>
Package pdftex.def Info: 3/eseGraph.png  used on input line 987.
(pdftex.def)             Requested size: 424.82523pt x 266.36578pt.
 [56 <./3/nBast.png (PNG copy)>] [57 <./3/eseGraph.png (PNG copy)>]
<3/schRou.png, id=1367, 698.61pt x 489.83pt>
File: 3/schRou.png Graphic file (type png)
<use 3/schRou.png>
Package pdftex.def Info: 3/schRou.png  used on input line 1022.
(pdftex.def)             Requested size: 424.82523pt x 297.86906pt.
 [58 <./3/schRou.png (PNG copy)>]
<3/vs.png, id=1376, 690.58pt x 446.66875pt>
File: 3/vs.png Graphic file (type png)
<use 3/vs.png>
Package pdftex.def Info: 3/vs.png  used on input line 1036.
(pdftex.def)             Requested size: 424.82523pt x 274.77802pt.
 [59 <./3/vs.png (PNG copy)>]
Chapter 11.
[60

]
Chapter 12.
<3/rDr.png, id=1386, 819.06pt x 507.8975pt>
File: 3/rDr.png Graphic file (type png)
<use 3/rDr.png>
Package pdftex.def Info: 3/rDr.png  used on input line 1058.
(pdftex.def)             Requested size: 424.82523pt x 263.44173pt.
<3/sisInt.png, id=1387, 830.10126pt x 518.93875pt>
File: 3/sisInt.png Graphic file (type png)
<use 3/sisInt.png>
Package pdftex.def Info: 3/sisInt.png  used on input line 1063.
(pdftex.def)             Requested size: 424.82523pt x 265.58171pt.
[61

 <./3/rDr.png (PNG copy)>]
<3/gS.png, id=1393, 828.09375pt x 520.94624pt>
File: 3/gS.png Graphic file (type png)
<use 3/gS.png>
Package pdftex.def Info: 3/gS.png  used on input line 1068.
(pdftex.def)             Requested size: 424.82523pt x 267.26093pt.
 [62 <./3/sisInt.png (PNG copy)> <./3/gS.png (PNG copy)>]
<3/esempioUnibo.png, id=1399, 683.55376pt x 361.35pt>
File: 3/esempioUnibo.png Graphic file (type png)
<use 3/esempioUnibo.png>
Package pdftex.def Info: 3/esempioUnibo.png  used on input line 1092.
(pdftex.def)             Requested size: 424.82523pt x 224.58055pt.
 [63]
<3/AS1.png, id=1404, 499.8675pt x 381.425pt>
File: 3/AS1.png Graphic file (type png)
<use 3/AS1.png>
Package pdftex.def Info: 3/AS1.png  used on input line 1098.
(pdftex.def)             Requested size: 424.82523pt x 324.17784pt.
<3/AS2.png, id=1405, 768.8725pt x 495.8525pt>
File: 3/AS2.png Graphic file (type png)
<use 3/AS2.png>
Package pdftex.def Info: 3/AS2.png  used on input line 1101.
(pdftex.def)             Requested size: 424.82523pt x 273.97568pt.
 [64 <./3/esempioUnibo.png (PNG copy)>] [65 <./3/AS1.png (PNG copy)>]
<3/AS3.png, id=1414, 745.78625pt x 485.815pt>
File: 3/AS3.png Graphic file (type png)
<use 3/AS3.png>
Package pdftex.def Info: 3/AS3.png  used on input line 1105.
(pdftex.def)             Requested size: 424.82523pt x 276.7321pt.
<3/interc.png, id=1415, 794.97pt x 507.8975pt>
File: 3/interc.png Graphic file (type png)
<use 3/interc.png>
Package pdftex.def Info: 3/interc.png  used on input line 1109.
(pdftex.def)             Requested size: 424.82523pt x 271.42412pt.
 [66 <./3/AS2.png (PNG copy)> <./3/AS3.png (PNG copy)>]
Underfull \hbox (badness 10000) in paragraph at lines 1131--1135

 []

[67 <./3/interc.png (PNG copy)>]
<3/class.png, id=1426, 735.74875pt x 396.48125pt>
File: 3/class.png Graphic file (type png)
<use 3/class.png>
Package pdftex.def Info: 3/class.png  used on input line 1148.
(pdftex.def)             Requested size: 424.82523pt x 228.93686pt.
 [68 <./3/class.png (PNG copy)>]
<3/esPop.png, id=1432, 757.83125pt x 431.6125pt>
File: 3/esPop.png Graphic file (type png)
<use 3/esPop.png>
Package pdftex.def Info: 3/esPop.png  used on input line 1176.
(pdftex.def)             Requested size: 424.82523pt x 241.95819pt.
 [69 <./3/esPop.png (PNG copy)>]
<3/notUs.png, id=1439, 693.59125pt x 340.27126pt>
File: 3/notUs.png Graphic file (type png)
<use 3/notUs.png>
Package pdftex.def Info: 3/notUs.png  used on input line 1190.
(pdftex.def)             Requested size: 424.82523pt x 208.42186pt.
<3/peer.png, id=1440, 691.58376pt x 340.27126pt>
File: 3/peer.png Graphic file (type png)
<use 3/peer.png>
Package pdftex.def Info: 3/peer.png  used on input line 1194.
(pdftex.def)             Requested size: 424.82523pt x 209.02414pt.
 [70 <./3/notUs.png (PNG copy)>]
<3/it.png, id=1448, 443.6575pt x 123.46124pt>
File: 3/it.png Graphic file (type png)
<use 3/it.png>
Package pdftex.def Info: 3/it.png  used on input line 1214.
(pdftex.def)             Requested size: 424.82523pt x 118.22pt.

Underfull \hbox (badness 10000) in paragraph at lines 1211--1216

 []

[71 <./3/peer.png (PNG copy)>] [72 <./3/it.png (PNG copy)>]
Chapter 13.

Underfull \hbox (badness 10000) in paragraph at lines 1255--1258

 []

[73

] [74]
Underfull \hbox (badness 10000) in paragraph at lines 1319--1326

 []

[75] [76] [77] [78] [79]
Chapter 14.

Underfull \hbox (badness 10000) in paragraph at lines 1478--1482

 []

[80

]
Chapter 15.
[81

] (./appunti.aux)
Package rerunfilecheck Info: File `appunti.out' has not changed.
(rerunfilecheck)             Checksum: D51C0E6F23A40D2290553E840C0CEDEC;34969.
 ) 
Here is how much of TeX's memory you used:
 13387 strings out of 477985
 223893 string characters out of 5840058
 1870388 words of memory out of 5000000
 33032 multiletter control sequences out of 15000+600000
 526608 words of font info for 84 fonts, out of 8000000 for 9000
 14 hyphenation exceptions out of 8191
 75i,7n,76p,631b,568s stack positions out of 10000i,1000n,20000p,200000b,200000s
</usr/share/texmf-dist/fonts/type1/public/amsfonts/cm/cmbx10.pfb></usr/share/texmf-dist/fonts/type1/public/amsfonts/cm/cmbx12.pfb></usr/share/texmf-dist/fonts/type1/public/amsfonts/cm/cmmi10.pfb></usr/share/texmf-dist/fonts/type1/public/amsfonts/cm/cmmi7.pfb></usr/share/texmf-dist/fonts/type1/public/amsfonts/cm/cmr10.pfb></usr/share/texmf-dist/fonts/type1/public/amsfonts/cm/cmr12.pfb></usr/share/texmf-dist/fonts/type1/public/amsfonts/cm/cmr17.pfb></usr/share/texmf-dist/fonts/type1/public/amsfonts/cm/cmr7.pfb></usr/share/texmf-dist/fonts/type1/public/amsfonts/cm/cmsy10.pfb></usr/share/texmf-dist/fonts/type1/public/cm-super/sfrm1000.pfb>
Output written on appunti.pdf (82 pages, 4524334 bytes).
PDF statistics:
 1625 PDF objects out of 1728 (max. 8388607)
 1433 compressed objects within 15 object streams
 326 named destinations out of 1000 (max. 500000)
 2001 words of extra memory for PDF output out of 10000 (max. 10000000)

